{"/Users/noname/Documents/Misc/crowd-flow-optimiser/frontend/app/layout.tsx": {"path":"/Users/noname/Documents/Misc/crowd-flow-optimiser/frontend/app/layout.tsx","all":false,"statementMap":{"0":{"start":{"line":1,"column":0},"end":{"line":1,"column":37}},"1":{"start":{"line":2,"column":0},"end":{"line":2,"column":23}},"2":{"start":{"line":3,"column":0},"end":{"line":3,"column":0}},"3":{"start":{"line":4,"column":0},"end":{"line":4,"column":35}},"4":{"start":{"line":5,"column":0},"end":{"line":5,"column":35}},"5":{"start":{"line":6,"column":0},"end":{"line":6,"column":85}},"6":{"start":{"line":7,"column":0},"end":{"line":7,"column":2}},"7":{"start":{"line":8,"column":0},"end":{"line":8,"column":0}},"8":{"start":{"line":9,"column":0},"end":{"line":9,"column":81}},"9":{"start":{"line":10,"column":0},"end":{"line":10,"column":10}},"10":{"start":{"line":11,"column":0},"end":{"line":11,"column":37}},"11":{"start":{"line":12,"column":0},"end":{"line":12,"column":76}},"12":{"start":{"line":13,"column":0},"end":{"line":13,"column":11}},"13":{"start":{"line":14,"column":0},"end":{"line":14,"column":4}},"14":{"start":{"line":15,"column":0},"end":{"line":15,"column":1}}},"s":{"0":1,"1":1,"2":1,"3":1,"4":1,"5":1,"6":1,"7":1,"8":1,"9":1,"10":1,"11":1,"12":1,"13":1,"14":1},"branchMap":{"0":{"type":"branch","line":9,"loc":{"start":{"line":9,"column":15},"end":{"line":15,"column":1}},"locations":[{"start":{"line":9,"column":15},"end":{"line":15,"column":1}}]}},"b":{"0":[1]},"fnMap":{"0":{"name":"RootLayout","decl":{"start":{"line":9,"column":15},"end":{"line":15,"column":1}},"loc":{"start":{"line":9,"column":15},"end":{"line":15,"column":1}},"line":9}},"f":{"0":1}}
,"/Users/noname/Documents/Misc/crowd-flow-optimiser/frontend/app/page.tsx": {"path":"/Users/noname/Documents/Misc/crowd-flow-optimiser/frontend/app/page.tsx","all":false,"statementMap":{"0":{"start":{"line":1,"column":0},"end":{"line":1,"column":37}},"1":{"start":{"line":2,"column":0},"end":{"line":2,"column":59}},"2":{"start":{"line":3,"column":0},"end":{"line":3,"column":0}},"3":{"start":{"line":4,"column":0},"end":{"line":4,"column":35}},"4":{"start":{"line":5,"column":0},"end":{"line":5,"column":69}},"5":{"start":{"line":6,"column":0},"end":{"line":6,"column":14}},"6":{"start":{"line":7,"column":0},"end":{"line":7,"column":170}},"7":{"start":{"line":8,"column":0},"end":{"line":8,"column":2}},"8":{"start":{"line":9,"column":0},"end":{"line":9,"column":0}},"9":{"start":{"line":10,"column":0},"end":{"line":10,"column":32}},"10":{"start":{"line":11,"column":0},"end":{"line":11,"column":25}},"11":{"start":{"line":12,"column":0},"end":{"line":12,"column":1}}},"s":{"0":1,"1":1,"2":1,"3":1,"4":1,"5":1,"6":1,"7":1,"8":1,"9":1,"10":1,"11":1},"branchMap":{"0":{"type":"branch","line":10,"loc":{"start":{"line":10,"column":15},"end":{"line":12,"column":1}},"locations":[{"start":{"line":10,"column":15},"end":{"line":12,"column":1}}]}},"b":{"0":[1]},"fnMap":{"0":{"name":"Page","decl":{"start":{"line":10,"column":15},"end":{"line":12,"column":1}},"loc":{"start":{"line":10,"column":15},"end":{"line":12,"column":1}},"line":10}},"f":{"0":1}}
,"/Users/noname/Documents/Misc/crowd-flow-optimiser/frontend/app/operate/page.tsx": {"path":"/Users/noname/Documents/Misc/crowd-flow-optimiser/frontend/app/operate/page.tsx","all":false,"statementMap":{"0":{"start":{"line":1,"column":0},"end":{"line":1,"column":13}},"1":{"start":{"line":2,"column":0},"end":{"line":2,"column":0}},"2":{"start":{"line":3,"column":0},"end":{"line":3,"column":74}},"3":{"start":{"line":4,"column":0},"end":{"line":4,"column":0}},"4":{"start":{"line":5,"column":0},"end":{"line":5,"column":41}},"5":{"start":{"line":6,"column":0},"end":{"line":6,"column":45}},"6":{"start":{"line":7,"column":0},"end":{"line":7,"column":43}},"7":{"start":{"line":8,"column":0},"end":{"line":8,"column":59}},"8":{"start":{"line":9,"column":0},"end":{"line":9,"column":93}},"9":{"start":{"line":10,"column":0},"end":{"line":10,"column":56}},"10":{"start":{"line":11,"column":0},"end":{"line":11,"column":60}},"11":{"start":{"line":12,"column":0},"end":{"line":12,"column":0}},"12":{"start":{"line":13,"column":0},"end":{"line":13,"column":3}},"13":{"start":{"line":14,"column":0},"end":{"line":14,"column":77}},"14":{"start":{"line":15,"column":0},"end":{"line":15,"column":74}},"15":{"start":{"line":16,"column":0},"end":{"line":16,"column":49}},"16":{"start":{"line":17,"column":0},"end":{"line":17,"column":3}},"17":{"start":{"line":18,"column":0},"end":{"line":18,"column":20}},"18":{"start":{"line":19,"column":0},"end":{"line":19,"column":16}},"19":{"start":{"line":20,"column":0},"end":{"line":20,"column":14}},"20":{"start":{"line":21,"column":0},"end":{"line":21,"column":11}},"21":{"start":{"line":22,"column":0},"end":{"line":22,"column":11}},"22":{"start":{"line":23,"column":0},"end":{"line":23,"column":11}},"23":{"start":{"line":24,"column":0},"end":{"line":24,"column":15}},"24":{"start":{"line":25,"column":0},"end":{"line":25,"column":15}},"25":{"start":{"line":26,"column":0},"end":{"line":26,"column":16}},"26":{"start":{"line":27,"column":0},"end":{"line":27,"column":16}},"27":{"start":{"line":28,"column":0},"end":{"line":28,"column":2}},"28":{"start":{"line":29,"column":0},"end":{"line":29,"column":0}},"29":{"start":{"line":30,"column":0},"end":{"line":30,"column":35}},"30":{"start":{"line":31,"column":0},"end":{"line":31,"column":69}},"31":{"start":{"line":32,"column":0},"end":{"line":32,"column":73}},"32":{"start":{"line":33,"column":0},"end":{"line":33,"column":52}},"33":{"start":{"line":34,"column":0},"end":{"line":34,"column":42}},"34":{"start":{"line":35,"column":0},"end":{"line":35,"column":60}},"35":{"start":{"line":36,"column":0},"end":{"line":36,"column":69}},"36":{"start":{"line":37,"column":0},"end":{"line":37,"column":73}},"37":{"start":{"line":38,"column":0},"end":{"line":38,"column":0}},"38":{"start":{"line":39,"column":0},"end":{"line":39,"column":19}},"39":{"start":{"line":40,"column":0},"end":{"line":40,"column":26}},"40":{"start":{"line":41,"column":0},"end":{"line":41,"column":46}},"41":{"start":{"line":42,"column":0},"end":{"line":42,"column":0}},"42":{"start":{"line":43,"column":0},"end":{"line":43,"column":16}},"43":{"start":{"line":44,"column":0},"end":{"line":44,"column":21}},"44":{"start":{"line":45,"column":0},"end":{"line":45,"column":25}},"45":{"start":{"line":46,"column":0},"end":{"line":46,"column":70}},"46":{"start":{"line":47,"column":0},"end":{"line":47,"column":9}},"47":{"start":{"line":48,"column":0},"end":{"line":48,"column":8}},"48":{"start":{"line":49,"column":0},"end":{"line":49,"column":40}},"49":{"start":{"line":50,"column":0},"end":{"line":50,"column":0}},"50":{"start":{"line":51,"column":0},"end":{"line":51,"column":24}},"51":{"start":{"line":52,"column":0},"end":{"line":52,"column":22}},"52":{"start":{"line":53,"column":0},"end":{"line":53,"column":46}},"53":{"start":{"line":54,"column":0},"end":{"line":54,"column":8}},"54":{"start":{"line":55,"column":0},"end":{"line":55,"column":30}},"55":{"start":{"line":56,"column":0},"end":{"line":56,"column":0}},"56":{"start":{"line":57,"column":0},"end":{"line":57,"column":33}},"57":{"start":{"line":58,"column":0},"end":{"line":58,"column":77}},"58":{"start":{"line":59,"column":0},"end":{"line":59,"column":37}},"59":{"start":{"line":60,"column":0},"end":{"line":60,"column":24}},"60":{"start":{"line":61,"column":0},"end":{"line":61,"column":43}},"61":{"start":{"line":62,"column":0},"end":{"line":62,"column":58}},"62":{"start":{"line":63,"column":0},"end":{"line":63,"column":8}},"63":{"start":{"line":64,"column":0},"end":{"line":64,"column":29}},"64":{"start":{"line":65,"column":0},"end":{"line":65,"column":34}},"65":{"start":{"line":66,"column":0},"end":{"line":66,"column":66}},"66":{"start":{"line":67,"column":0},"end":{"line":67,"column":10}},"67":{"start":{"line":68,"column":0},"end":{"line":68,"column":21}},"68":{"start":{"line":69,"column":0},"end":{"line":69,"column":30}},"69":{"start":{"line":70,"column":0},"end":{"line":70,"column":73}},"70":{"start":{"line":71,"column":0},"end":{"line":71,"column":78}},"71":{"start":{"line":72,"column":0},"end":{"line":72,"column":28}},"72":{"start":{"line":73,"column":0},"end":{"line":73,"column":26}},"73":{"start":{"line":74,"column":0},"end":{"line":74,"column":50}},"74":{"start":{"line":75,"column":0},"end":{"line":75,"column":12}},"75":{"start":{"line":76,"column":0},"end":{"line":76,"column":34}},"76":{"start":{"line":77,"column":0},"end":{"line":77,"column":8}},"77":{"start":{"line":78,"column":0},"end":{"line":78,"column":22}},"78":{"start":{"line":79,"column":0},"end":{"line":79,"column":44}},"79":{"start":{"line":80,"column":0},"end":{"line":80,"column":8}},"80":{"start":{"line":81,"column":0},"end":{"line":81,"column":7}},"81":{"start":{"line":82,"column":0},"end":{"line":82,"column":0}},"82":{"start":{"line":83,"column":0},"end":{"line":83,"column":18}},"83":{"start":{"line":84,"column":0},"end":{"line":84,"column":23}},"84":{"start":{"line":85,"column":0},"end":{"line":85,"column":22}},"85":{"start":{"line":86,"column":0},"end":{"line":86,"column":6}},"86":{"start":{"line":87,"column":0},"end":{"line":87,"column":9}},"87":{"start":{"line":88,"column":0},"end":{"line":88,"column":0}},"88":{"start":{"line":89,"column":0},"end":{"line":89,"column":75}},"89":{"start":{"line":90,"column":0},"end":{"line":90,"column":19}},"90":{"start":{"line":91,"column":0},"end":{"line":91,"column":24}},"91":{"start":{"line":92,"column":0},"end":{"line":92,"column":63}},"92":{"start":{"line":93,"column":0},"end":{"line":93,"column":66}},"93":{"start":{"line":94,"column":0},"end":{"line":94,"column":9}},"94":{"start":{"line":95,"column":0},"end":{"line":95,"column":0}},"95":{"start":{"line":96,"column":0},"end":{"line":96,"column":37}},"96":{"start":{"line":97,"column":0},"end":{"line":97,"column":31}},"97":{"start":{"line":98,"column":0},"end":{"line":98,"column":20}},"98":{"start":{"line":99,"column":0},"end":{"line":99,"column":11}},"99":{"start":{"line":100,"column":0},"end":{"line":100,"column":44}},"100":{"start":{"line":101,"column":0},"end":{"line":101,"column":26}},"101":{"start":{"line":102,"column":0},"end":{"line":102,"column":34}},"102":{"start":{"line":103,"column":0},"end":{"line":103,"column":70}},"103":{"start":{"line":104,"column":0},"end":{"line":104,"column":11}},"104":{"start":{"line":105,"column":0},"end":{"line":105,"column":50}},"105":{"start":{"line":106,"column":0},"end":{"line":106,"column":54}},"106":{"start":{"line":107,"column":0},"end":{"line":107,"column":21}},"107":{"start":{"line":108,"column":0},"end":{"line":108,"column":59}},"108":{"start":{"line":109,"column":0},"end":{"line":109,"column":17}},"109":{"start":{"line":110,"column":0},"end":{"line":110,"column":23}},"110":{"start":{"line":111,"column":0},"end":{"line":111,"column":7}},"111":{"start":{"line":112,"column":0},"end":{"line":112,"column":6}},"112":{"start":{"line":113,"column":0},"end":{"line":113,"column":12}},"113":{"start":{"line":114,"column":0},"end":{"line":114,"column":4}},"114":{"start":{"line":115,"column":0},"end":{"line":115,"column":0}},"115":{"start":{"line":116,"column":0},"end":{"line":116,"column":79}},"116":{"start":{"line":117,"column":0},"end":{"line":117,"column":30}},"117":{"start":{"line":118,"column":0},"end":{"line":118,"column":38}},"118":{"start":{"line":119,"column":0},"end":{"line":119,"column":39}},"119":{"start":{"line":120,"column":0},"end":{"line":120,"column":34}},"120":{"start":{"line":121,"column":0},"end":{"line":121,"column":50}},"121":{"start":{"line":122,"column":0},"end":{"line":122,"column":50}},"122":{"start":{"line":123,"column":0},"end":{"line":123,"column":44}},"123":{"start":{"line":124,"column":0},"end":{"line":124,"column":43}},"124":{"start":{"line":125,"column":0},"end":{"line":125,"column":7}},"125":{"start":{"line":126,"column":0},"end":{"line":126,"column":14}},"126":{"start":{"line":127,"column":0},"end":{"line":127,"column":0}},"127":{"start":{"line":128,"column":0},"end":{"line":128,"column":5}},"128":{"start":{"line":129,"column":0},"end":{"line":129,"column":75}},"129":{"start":{"line":130,"column":0},"end":{"line":130,"column":73}},"130":{"start":{"line":131,"column":0},"end":{"line":131,"column":75}},"131":{"start":{"line":132,"column":0},"end":{"line":132,"column":5}},"132":{"start":{"line":133,"column":0},"end":{"line":133,"column":29}},"133":{"start":{"line":134,"column":0},"end":{"line":134,"column":90}},"134":{"start":{"line":135,"column":0},"end":{"line":135,"column":26}},"135":{"start":{"line":136,"column":0},"end":{"line":136,"column":4}},"136":{"start":{"line":137,"column":0},"end":{"line":137,"column":0}},"137":{"start":{"line":138,"column":0},"end":{"line":138,"column":58}},"138":{"start":{"line":139,"column":0},"end":{"line":139,"column":23}},"139":{"start":{"line":140,"column":0},"end":{"line":140,"column":9}},"140":{"start":{"line":141,"column":0},"end":{"line":141,"column":47}},"141":{"start":{"line":142,"column":0},"end":{"line":142,"column":74}},"142":{"start":{"line":143,"column":0},"end":{"line":143,"column":8}},"143":{"start":{"line":144,"column":0},"end":{"line":144,"column":18}},"144":{"start":{"line":145,"column":0},"end":{"line":145,"column":4}},"145":{"start":{"line":146,"column":0},"end":{"line":146,"column":0}},"146":{"start":{"line":147,"column":0},"end":{"line":147,"column":27}},"147":{"start":{"line":148,"column":0},"end":{"line":148,"column":87}},"148":{"start":{"line":149,"column":0},"end":{"line":149,"column":12}},"149":{"start":{"line":150,"column":0},"end":{"line":150,"column":4}},"150":{"start":{"line":151,"column":0},"end":{"line":151,"column":0}},"151":{"start":{"line":152,"column":0},"end":{"line":152,"column":10}},"152":{"start":{"line":153,"column":0},"end":{"line":153,"column":35}},"153":{"start":{"line":154,"column":0},"end":{"line":154,"column":13}},"154":{"start":{"line":155,"column":0},"end":{"line":155,"column":24}},"155":{"start":{"line":156,"column":0},"end":{"line":156,"column":29}},"156":{"start":{"line":157,"column":0},"end":{"line":157,"column":48}},"157":{"start":{"line":158,"column":0},"end":{"line":158,"column":8}},"158":{"start":{"line":159,"column":0},"end":{"line":159,"column":0}},"159":{"start":{"line":160,"column":0},"end":{"line":160,"column":18}},"160":{"start":{"line":161,"column":0},"end":{"line":161,"column":53}},"161":{"start":{"line":162,"column":0},"end":{"line":162,"column":14}},"162":{"start":{"line":163,"column":0},"end":{"line":163,"column":25}},"163":{"start":{"line":164,"column":0},"end":{"line":164,"column":71}},"164":{"start":{"line":165,"column":0},"end":{"line":165,"column":36}},"165":{"start":{"line":166,"column":0},"end":{"line":166,"column":67}},"166":{"start":{"line":167,"column":0},"end":{"line":167,"column":67}},"167":{"start":{"line":168,"column":0},"end":{"line":168,"column":15}},"168":{"start":{"line":169,"column":0},"end":{"line":169,"column":11}},"169":{"start":{"line":170,"column":0},"end":{"line":170,"column":20}},"170":{"start":{"line":171,"column":0},"end":{"line":171,"column":16}},"171":{"start":{"line":172,"column":0},"end":{"line":172,"column":14}},"172":{"start":{"line":173,"column":0},"end":{"line":173,"column":8}},"173":{"start":{"line":174,"column":0},"end":{"line":174,"column":0}},"174":{"start":{"line":175,"column":0},"end":{"line":175,"column":109}},"175":{"start":{"line":176,"column":0},"end":{"line":176,"column":63}},"176":{"start":{"line":177,"column":0},"end":{"line":177,"column":19}},"177":{"start":{"line":178,"column":0},"end":{"line":178,"column":100}},"178":{"start":{"line":179,"column":0},"end":{"line":179,"column":15}},"179":{"start":{"line":180,"column":0},"end":{"line":180,"column":87}},"180":{"start":{"line":181,"column":0},"end":{"line":181,"column":33}},"181":{"start":{"line":182,"column":0},"end":{"line":182,"column":18}},"182":{"start":{"line":183,"column":0},"end":{"line":183,"column":12}},"183":{"start":{"line":184,"column":0},"end":{"line":184,"column":14}},"184":{"start":{"line":185,"column":0},"end":{"line":185,"column":0}},"185":{"start":{"line":186,"column":0},"end":{"line":186,"column":127}},"186":{"start":{"line":187,"column":0},"end":{"line":187,"column":49}},"187":{"start":{"line":188,"column":0},"end":{"line":188,"column":16}},"188":{"start":{"line":189,"column":0},"end":{"line":189,"column":0}},"189":{"start":{"line":190,"column":0},"end":{"line":190,"column":67}},"190":{"start":{"line":191,"column":0},"end":{"line":191,"column":66}},"191":{"start":{"line":192,"column":0},"end":{"line":192,"column":80}},"192":{"start":{"line":193,"column":0},"end":{"line":193,"column":24}},"193":{"start":{"line":194,"column":0},"end":{"line":194,"column":17}},"194":{"start":{"line":195,"column":0},"end":{"line":195,"column":56}},"195":{"start":{"line":196,"column":0},"end":{"line":196,"column":43}},"196":{"start":{"line":197,"column":0},"end":{"line":197,"column":19}},"197":{"start":{"line":198,"column":0},"end":{"line":198,"column":16}},"198":{"start":{"line":199,"column":0},"end":{"line":199,"column":55}},"199":{"start":{"line":200,"column":0},"end":{"line":200,"column":30}},"200":{"start":{"line":201,"column":0},"end":{"line":201,"column":50}},"201":{"start":{"line":202,"column":0},"end":{"line":202,"column":15}},"202":{"start":{"line":203,"column":0},"end":{"line":203,"column":35}},"203":{"start":{"line":204,"column":0},"end":{"line":204,"column":61}},"204":{"start":{"line":205,"column":0},"end":{"line":205,"column":55}},"205":{"start":{"line":206,"column":0},"end":{"line":206,"column":20}},"206":{"start":{"line":207,"column":0},"end":{"line":207,"column":14}},"207":{"start":{"line":208,"column":0},"end":{"line":208,"column":16}},"208":{"start":{"line":209,"column":0},"end":{"line":209,"column":18}},"209":{"start":{"line":210,"column":0},"end":{"line":210,"column":12}},"210":{"start":{"line":211,"column":0},"end":{"line":211,"column":11}},"211":{"start":{"line":212,"column":0},"end":{"line":212,"column":4}},"212":{"start":{"line":213,"column":0},"end":{"line":213,"column":1}}},"s":{"0":1,"1":1,"2":1,"3":1,"4":1,"5":1,"6":1,"7":1,"8":1,"9":1,"10":1,"11":1,"12":1,"13":1,"14":1,"15":1,"16":1,"17":1,"18":1,"19":1,"20":1,"21":1,"22":1,"23":1,"24":1,"25":1,"26":1,"27":1,"28":1,"29":1,"30":25,"31":25,"32":25,"33":25,"34":25,"35":25,"36":25,"37":25,"38":25,"39":8,"40":8,"41":8,"42":8,"43":8,"44":8,"45":7,"46":7,"47":8,"48":8,"49":8,"50":8,"51":8,"52":8,"53":8,"54":8,"55":8,"56":8,"57":8,"58":8,"59":8,"60":2,"61":2,"62":2,"63":8,"64":1,"65":1,"66":8,"67":8,"68":1,"69":1,"70":1,"71":1,"72":1,"73":1,"74":1,"75":1,"76":1,"77":8,"78":1,"79":1,"80":8,"81":8,"82":8,"83":8,"84":8,"85":8,"86":25,"87":25,"88":25,"89":2,"90":2,"91":2,"92":2,"93":25,"94":25,"95":25,"96":25,"97":2,"98":2,"99":2,"100":2,"101":2,"102":2,"103":2,"104":1,"105":1,"106":1,"107":1,"108":2,"109":2,"110":2,"111":2,"112":25,"113":25,"114":25,"115":25,"116":25,"117":17,"118":17,"119":9,"120":18,"121":18,"122":18,"123":18,"124":18,"125":25,"126":25,"127":25,"128":25,"129":25,"130":25,"131":25,"132":25,"133":25,"134":25,"135":25,"136":25,"137":25,"138":25,"139":25,"140":17,"141":17,"142":25,"143":25,"144":25,"145":25,"146":25,"147":25,"148":25,"149":25,"150":25,"151":25,"152":25,"153":25,"154":25,"155":25,"156":25,"157":25,"158":25,"159":25,"160":25,"161":25,"162":25,"163":25,"164":25,"165":1,"166":1,"167":25,"168":25,"169":25,"170":25,"171":25,"172":25,"173":25,"174":25,"175":25,"176":25,"177":17,"178":17,"179":25,"180":25,"181":25,"182":25,"183":25,"184":25,"185":25,"186":25,"187":25,"188":25,"189":25,"190":25,"191":25,"192":25,"193":25,"194":25,"195":25,"196":25,"197":25,"198":25,"199":25,"200":25,"201":25,"202":25,"203":25,"204":25,"205":25,"206":25,"207":25,"208":25,"209":25,"210":25,"211":25,"212":25},"branchMap":{"0":{"type":"branch","line":30,"loc":{"start":{"line":30,"column":15},"end":{"line":213,"column":1}},"locations":[{"start":{"line":30,"column":15},"end":{"line":213,"column":1}}]},"1":{"type":"branch","line":165,"loc":{"start":{"line":165,"column":29},"end":{"line":166,"column":67}},"locations":[{"start":{"line":165,"column":29},"end":{"line":166,"column":67}}]},"2":{"type":"branch","line":166,"loc":{"start":{"line":166,"column":18},"end":{"line":167,"column":67}},"locations":[{"start":{"line":166,"column":18},"end":{"line":167,"column":67}}]},"3":{"type":"branch","line":177,"loc":{"start":{"line":177,"column":11},"end":{"line":180,"column":13}},"locations":[{"start":{"line":177,"column":11},"end":{"line":180,"column":13}}]},"4":{"type":"branch","line":39,"loc":{"start":{"line":39,"column":12},"end":{"line":87,"column":5}},"locations":[{"start":{"line":39,"column":12},"end":{"line":87,"column":5}}]},"5":{"type":"branch","line":44,"loc":{"start":{"line":44,"column":12},"end":{"line":48,"column":8}},"locations":[{"start":{"line":44,"column":12},"end":{"line":48,"column":8}}]},"6":{"type":"branch","line":45,"loc":{"start":{"line":45,"column":24},"end":{"line":47,"column":9}},"locations":[{"start":{"line":45,"column":24},"end":{"line":47,"column":9}}]},"7":{"type":"branch","line":46,"loc":{"start":{"line":46,"column":45},"end":{"line":46,"column":70}},"locations":[{"start":{"line":46,"column":45},"end":{"line":46,"column":70}}]},"8":{"type":"branch","line":52,"loc":{"start":{"line":52,"column":12},"end":{"line":54,"column":8}},"locations":[{"start":{"line":52,"column":12},"end":{"line":54,"column":8}}]},"9":{"type":"branch","line":53,"loc":{"start":{"line":53,"column":24},"end":{"line":53,"column":46}},"locations":[{"start":{"line":53,"column":24},"end":{"line":53,"column":46}}]},"10":{"type":"branch","line":60,"loc":{"start":{"line":60,"column":16},"end":{"line":63,"column":8}},"locations":[{"start":{"line":60,"column":16},"end":{"line":63,"column":8}}]},"11":{"type":"branch","line":62,"loc":{"start":{"line":62,"column":17},"end":{"line":62,"column":58}},"locations":[{"start":{"line":62,"column":17},"end":{"line":62,"column":58}}]},"12":{"type":"branch","line":64,"loc":{"start":{"line":64,"column":22},"end":{"line":66,"column":66}},"locations":[{"start":{"line":64,"column":22},"end":{"line":66,"column":66}}]},"13":{"type":"branch","line":65,"loc":{"start":{"line":65,"column":25},"end":{"line":66,"column":66}},"locations":[{"start":{"line":65,"column":25},"end":{"line":66,"column":66}}]},"14":{"type":"branch","line":66,"loc":{"start":{"line":66,"column":41},"end":{"line":66,"column":52}},"locations":[{"start":{"line":66,"column":41},"end":{"line":66,"column":52}}]},"15":{"type":"branch","line":66,"loc":{"start":{"line":66,"column":20},"end":{"line":66,"column":41}},"locations":[{"start":{"line":66,"column":20},"end":{"line":66,"column":41}}]},"16":{"type":"branch","line":68,"loc":{"start":{"line":68,"column":14},"end":{"line":77,"column":8}},"locations":[{"start":{"line":68,"column":14},"end":{"line":77,"column":8}}]},"17":{"type":"branch","line":69,"loc":{"start":{"line":69,"column":23},"end":{"line":69,"column":30}},"locations":[{"start":{"line":69,"column":23},"end":{"line":69,"column":30}}]},"18":{"type":"branch","line":73,"loc":{"start":{"line":73,"column":16},"end":{"line":75,"column":12}},"locations":[{"start":{"line":73,"column":16},"end":{"line":75,"column":12}}]},"19":{"type":"branch","line":78,"loc":{"start":{"line":78,"column":15},"end":{"line":80,"column":8}},"locations":[{"start":{"line":78,"column":15},"end":{"line":80,"column":8}}]},"20":{"type":"branch","line":83,"loc":{"start":{"line":83,"column":11},"end":{"line":86,"column":6}},"locations":[{"start":{"line":83,"column":11},"end":{"line":86,"column":6}}]},"21":{"type":"branch","line":89,"loc":{"start":{"line":89,"column":28},"end":{"line":94,"column":5}},"locations":[{"start":{"line":89,"column":28},"end":{"line":94,"column":5}}]},"22":{"type":"branch","line":92,"loc":{"start":{"line":92,"column":29},"end":{"line":92,"column":63}},"locations":[{"start":{"line":92,"column":29},"end":{"line":92,"column":63}}]},"23":{"type":"branch","line":93,"loc":{"start":{"line":93,"column":37},"end":{"line":93,"column":60}},"locations":[{"start":{"line":93,"column":37},"end":{"line":93,"column":60}}]},"24":{"type":"branch","line":97,"loc":{"start":{"line":97,"column":4},"end":{"line":112,"column":6}},"locations":[{"start":{"line":97,"column":4},"end":{"line":112,"column":6}}]},"25":{"type":"branch","line":104,"loc":{"start":{"line":104,"column":8},"end":{"line":109,"column":16}},"locations":[{"start":{"line":104,"column":8},"end":{"line":109,"column":16}}]},"26":{"type":"branch","line":105,"loc":{"start":{"line":105,"column":25},"end":{"line":105,"column":50}},"locations":[{"start":{"line":105,"column":25},"end":{"line":105,"column":50}}]},"27":{"type":"branch","line":117,"loc":{"start":{"line":117,"column":23},"end":{"line":126,"column":5}},"locations":[{"start":{"line":117,"column":23},"end":{"line":126,"column":5}}]},"28":{"type":"branch","line":119,"loc":{"start":{"line":119,"column":27},"end":{"line":119,"column":39}},"locations":[{"start":{"line":119,"column":27},"end":{"line":119,"column":39}}]},"29":{"type":"branch","line":119,"loc":{"start":{"line":119,"column":34},"end":{"line":126,"column":5}},"locations":[{"start":{"line":119,"column":34},"end":{"line":126,"column":5}}]},"30":{"type":"branch","line":120,"loc":{"start":{"line":120,"column":23},"end":{"line":125,"column":7}},"locations":[{"start":{"line":120,"column":23},"end":{"line":125,"column":7}}]},"31":{"type":"branch","line":121,"loc":{"start":{"line":121,"column":44},"end":{"line":121,"column":50}},"locations":[{"start":{"line":121,"column":44},"end":{"line":121,"column":50}}]},"32":{"type":"branch","line":122,"loc":{"start":{"line":122,"column":44},"end":{"line":122,"column":50}},"locations":[{"start":{"line":122,"column":44},"end":{"line":122,"column":50}}]},"33":{"type":"branch","line":123,"loc":{"start":{"line":123,"column":21},"end":{"line":123,"column":44}},"locations":[{"start":{"line":123,"column":21},"end":{"line":123,"column":44}}]},"34":{"type":"branch","line":123,"loc":{"start":{"line":123,"column":33},"end":{"line":123,"column":42}},"locations":[{"start":{"line":123,"column":33},"end":{"line":123,"column":42}}]},"35":{"type":"branch","line":123,"loc":{"start":{"line":123,"column":38},"end":{"line":123,"column":44}},"locations":[{"start":{"line":123,"column":38},"end":{"line":123,"column":44}}]},"36":{"type":"branch","line":123,"loc":{"start":{"line":123,"column":42},"end":{"line":124,"column":37}},"locations":[{"start":{"line":123,"column":42},"end":{"line":124,"column":37}}]},"37":{"type":"branch","line":124,"loc":{"start":{"line":124,"column":34},"end":{"line":124,"column":41}},"locations":[{"start":{"line":124,"column":34},"end":{"line":124,"column":41}}]},"38":{"type":"branch","line":124,"loc":{"start":{"line":124,"column":37},"end":{"line":124,"column":43}},"locations":[{"start":{"line":124,"column":37},"end":{"line":124,"column":43}}]},"39":{"type":"branch","line":134,"loc":{"start":{"line":134,"column":4},"end":{"line":134,"column":90}},"locations":[{"start":{"line":134,"column":4},"end":{"line":134,"column":90}}]},"40":{"type":"branch","line":134,"loc":{"start":{"line":134,"column":11},"end":{"line":134,"column":84}},"locations":[{"start":{"line":134,"column":11},"end":{"line":134,"column":84}}]},"41":{"type":"branch","line":134,"loc":{"start":{"line":134,"column":72},"end":{"line":134,"column":84}},"locations":[{"start":{"line":134,"column":72},"end":{"line":134,"column":84}}]},"42":{"type":"branch","line":134,"loc":{"start":{"line":134,"column":77},"end":{"line":134,"column":90}},"locations":[{"start":{"line":134,"column":77},"end":{"line":134,"column":90}}]},"43":{"type":"branch","line":134,"loc":{"start":{"line":134,"column":37},"end":{"line":134,"column":72}},"locations":[{"start":{"line":134,"column":37},"end":{"line":134,"column":72}}]},"44":{"type":"branch","line":140,"loc":{"start":{"line":140,"column":4},"end":{"line":142,"column":74}},"locations":[{"start":{"line":140,"column":4},"end":{"line":142,"column":74}}]},"45":{"type":"branch","line":141,"loc":{"start":{"line":141,"column":21},"end":{"line":141,"column":38}},"locations":[{"start":{"line":141,"column":21},"end":{"line":141,"column":38}}]},"46":{"type":"branch","line":142,"loc":{"start":{"line":142,"column":8},"end":{"line":142,"column":74}},"locations":[{"start":{"line":142,"column":8},"end":{"line":142,"column":74}}]},"47":{"type":"branch","line":142,"loc":{"start":{"line":142,"column":40},"end":{"line":142,"column":74}},"locations":[{"start":{"line":142,"column":40},"end":{"line":142,"column":74}}]},"48":{"type":"branch","line":148,"loc":{"start":{"line":148,"column":4},"end":{"line":148,"column":87}},"locations":[{"start":{"line":148,"column":4},"end":{"line":148,"column":87}}]},"49":{"type":"branch","line":148,"loc":{"start":{"line":148,"column":25},"end":{"line":148,"column":42}},"locations":[{"start":{"line":148,"column":25},"end":{"line":148,"column":42}}]},"50":{"type":"branch","line":148,"loc":{"start":{"line":148,"column":51},"end":{"line":148,"column":87}},"locations":[{"start":{"line":148,"column":51},"end":{"line":148,"column":87}}]},"51":{"type":"branch","line":200,"loc":{"start":{"line":200,"column":22},"end":{"line":201,"column":39}},"locations":[{"start":{"line":200,"column":22},"end":{"line":201,"column":39}}]}},"b":{"0":[25],"1":[1],"2":[1],"3":[17],"4":[8],"5":[8],"6":[7],"7":[21],"8":[8],"9":[7],"10":[2],"11":[2],"12":[1],"13":[1],"14":[0],"15":[1],"16":[1],"17":[0],"18":[1],"19":[1],"20":[8],"21":[2],"22":[0],"23":[1],"24":[2],"25":[1],"26":[1],"27":[17],"28":[8],"29":[9],"30":[18],"31":[0],"32":[0],"33":[17],"34":[8],"35":[9],"36":[1],"37":[0],"38":[1],"39":[19],"40":[11],"41":[1],"42":[8],"43":[12],"44":[17],"45":[153],"46":[153],"47":[27],"48":[17],"49":[153],"50":[153],"51":[34]},"fnMap":{"0":{"name":"Operate","decl":{"start":{"line":30,"column":15},"end":{"line":213,"column":1}},"loc":{"start":{"line":30,"column":15},"end":{"line":213,"column":1}},"line":30},"1":{"name":"onMetric","decl":{"start":{"line":60,"column":16},"end":{"line":63,"column":8}},"loc":{"start":{"line":60,"column":16},"end":{"line":63,"column":8}},"line":60},"2":{"name":"onIntervention","decl":{"start":{"line":64,"column":22},"end":{"line":66,"column":66}},"loc":{"start":{"line":64,"column":22},"end":{"line":66,"column":66}},"line":64},"3":{"name":"onOpen","decl":{"start":{"line":68,"column":14},"end":{"line":77,"column":8}},"loc":{"start":{"line":68,"column":14},"end":{"line":77,"column":8}},"line":68},"4":{"name":"onError","decl":{"start":{"line":78,"column":15},"end":{"line":80,"column":8}},"loc":{"start":{"line":78,"column":15},"end":{"line":80,"column":8}},"line":78}},"f":{"0":25,"1":2,"2":1,"3":1,"4":1}}
,"/Users/noname/Documents/Misc/crowd-flow-optimiser/frontend/components/InterventionLog.tsx": {"path":"/Users/noname/Documents/Misc/crowd-flow-optimiser/frontend/components/InterventionLog.tsx","all":false,"statementMap":{"0":{"start":{"line":1,"column":0},"end":{"line":1,"column":13}},"1":{"start":{"line":2,"column":0},"end":{"line":2,"column":0}},"2":{"start":{"line":3,"column":0},"end":{"line":3,"column":66}},"3":{"start":{"line":4,"column":0},"end":{"line":4,"column":60}},"4":{"start":{"line":5,"column":0},"end":{"line":5,"column":0}},"5":{"start":{"line":6,"column":0},"end":{"line":6,"column":80}},"6":{"start":{"line":7,"column":0},"end":{"line":7,"column":25}},"7":{"start":{"line":8,"column":0},"end":{"line":8,"column":0}},"8":{"start":{"line":9,"column":0},"end":{"line":9,"column":75}},"9":{"start":{"line":10,"column":0},"end":{"line":10,"column":46}},"10":{"start":{"line":11,"column":0},"end":{"line":11,"column":0}},"11":{"start":{"line":12,"column":0},"end":{"line":12,"column":10}},"12":{"start":{"line":13,"column":0},"end":{"line":13,"column":70}},"13":{"start":{"line":14,"column":0},"end":{"line":14,"column":88}},"14":{"start":{"line":15,"column":0},"end":{"line":15,"column":77}},"15":{"start":{"line":16,"column":0},"end":{"line":16,"column":32}},"16":{"start":{"line":17,"column":0},"end":{"line":17,"column":13}},"17":{"start":{"line":18,"column":0},"end":{"line":18,"column":40}},"18":{"start":{"line":19,"column":0},"end":{"line":19,"column":67}},"19":{"start":{"line":20,"column":0},"end":{"line":20,"column":47}},"20":{"start":{"line":21,"column":0},"end":{"line":21,"column":17}},"21":{"start":{"line":22,"column":0},"end":{"line":22,"column":10}},"22":{"start":{"line":23,"column":0},"end":{"line":23,"column":12}},"23":{"start":{"line":24,"column":0},"end":{"line":24,"column":65}},"24":{"start":{"line":25,"column":0},"end":{"line":25,"column":34}},"25":{"start":{"line":26,"column":0},"end":{"line":26,"column":89}},"26":{"start":{"line":27,"column":0},"end":{"line":27,"column":10}},"27":{"start":{"line":28,"column":0},"end":{"line":28,"column":100}},"28":{"start":{"line":29,"column":0},"end":{"line":29,"column":35}},"29":{"start":{"line":30,"column":0},"end":{"line":30,"column":15}},"30":{"start":{"line":31,"column":0},"end":{"line":31,"column":25}},"31":{"start":{"line":32,"column":0},"end":{"line":32,"column":39}},"32":{"start":{"line":33,"column":0},"end":{"line":33,"column":44}},"33":{"start":{"line":34,"column":0},"end":{"line":34,"column":67}},"34":{"start":{"line":35,"column":0},"end":{"line":35,"column":47}},"35":{"start":{"line":36,"column":0},"end":{"line":36,"column":46}},"36":{"start":{"line":37,"column":0},"end":{"line":37,"column":13}},"37":{"start":{"line":38,"column":0},"end":{"line":38,"column":77}},"38":{"start":{"line":39,"column":0},"end":{"line":39,"column":67}},"39":{"start":{"line":40,"column":0},"end":{"line":40,"column":21}},"40":{"start":{"line":41,"column":0},"end":{"line":41,"column":48}},"41":{"start":{"line":42,"column":0},"end":{"line":42,"column":80}},"42":{"start":{"line":43,"column":0},"end":{"line":43,"column":21}},"43":{"start":{"line":44,"column":0},"end":{"line":44,"column":17}},"44":{"start":{"line":45,"column":0},"end":{"line":45,"column":33}},"45":{"start":{"line":46,"column":0},"end":{"line":46,"column":23}},"46":{"start":{"line":47,"column":0},"end":{"line":47,"column":20}},"47":{"start":{"line":48,"column":0},"end":{"line":48,"column":76}},"48":{"start":{"line":49,"column":0},"end":{"line":49,"column":49}},"49":{"start":{"line":50,"column":0},"end":{"line":50,"column":58}},"50":{"start":{"line":51,"column":0},"end":{"line":51,"column":23}},"51":{"start":{"line":52,"column":0},"end":{"line":52,"column":35}},"52":{"start":{"line":53,"column":0},"end":{"line":53,"column":76}},"53":{"start":{"line":54,"column":0},"end":{"line":54,"column":25}},"54":{"start":{"line":55,"column":0},"end":{"line":55,"column":20}},"55":{"start":{"line":56,"column":0},"end":{"line":56,"column":93}},"56":{"start":{"line":57,"column":0},"end":{"line":57,"column":109}},"57":{"start":{"line":58,"column":0},"end":{"line":58,"column":75}},"58":{"start":{"line":59,"column":0},"end":{"line":59,"column":50}},"59":{"start":{"line":60,"column":0},"end":{"line":60,"column":94}},"60":{"start":{"line":61,"column":0},"end":{"line":61,"column":18}},"61":{"start":{"line":62,"column":0},"end":{"line":62,"column":20}},"62":{"start":{"line":63,"column":0},"end":{"line":63,"column":17}},"63":{"start":{"line":64,"column":0},"end":{"line":64,"column":13}},"64":{"start":{"line":65,"column":0},"end":{"line":65,"column":13}},"65":{"start":{"line":66,"column":0},"end":{"line":66,"column":12}},"66":{"start":{"line":67,"column":0},"end":{"line":67,"column":10}},"67":{"start":{"line":68,"column":0},"end":{"line":68,"column":4}},"68":{"start":{"line":69,"column":0},"end":{"line":69,"column":1}}},"s":{"0":1,"1":1,"2":1,"3":1,"4":1,"5":1,"6":1,"7":1,"8":1,"9":30,"10":30,"11":30,"12":30,"13":30,"14":30,"15":30,"16":30,"17":30,"18":30,"19":30,"20":30,"21":30,"22":30,"23":30,"24":30,"25":30,"26":30,"27":30,"28":30,"29":76,"30":76,"31":30,"32":30,"33":1,"34":75,"35":30,"36":30,"37":30,"38":30,"39":30,"40":30,"41":30,"42":30,"43":30,"44":30,"45":30,"46":30,"47":30,"48":30,"49":30,"50":30,"51":30,"52":1,"53":1,"54":30,"55":30,"56":30,"57":30,"58":30,"59":30,"60":30,"61":30,"62":30,"63":30,"64":30,"65":30,"66":30,"67":30,"68":30},"branchMap":{"0":{"type":"branch","line":9,"loc":{"start":{"line":9,"column":15},"end":{"line":69,"column":1}},"locations":[{"start":{"line":9,"column":15},"end":{"line":69,"column":1}}]},"1":{"type":"branch","line":29,"loc":{"start":{"line":29,"column":23},"end":{"line":31,"column":25}},"locations":[{"start":{"line":29,"column":23},"end":{"line":31,"column":25}}]},"2":{"type":"branch","line":33,"loc":{"start":{"line":33,"column":28},"end":{"line":34,"column":67}},"locations":[{"start":{"line":33,"column":28},"end":{"line":34,"column":67}}]},"3":{"type":"branch","line":34,"loc":{"start":{"line":34,"column":20},"end":{"line":35,"column":47}},"locations":[{"start":{"line":34,"column":20},"end":{"line":35,"column":47}}]},"4":{"type":"branch","line":36,"loc":{"start":{"line":36,"column":24},"end":{"line":36,"column":41}},"locations":[{"start":{"line":36,"column":24},"end":{"line":36,"column":41}}]},"5":{"type":"branch","line":36,"loc":{"start":{"line":36,"column":28},"end":{"line":36,"column":45}},"locations":[{"start":{"line":36,"column":28},"end":{"line":36,"column":45}}]},"6":{"type":"branch","line":42,"loc":{"start":{"line":42,"column":61},"end":{"line":42,"column":80}},"locations":[{"start":{"line":42,"column":61},"end":{"line":42,"column":80}}]},"7":{"type":"branch","line":50,"loc":{"start":{"line":50,"column":46},"end":{"line":50,"column":57}},"locations":[{"start":{"line":50,"column":46},"end":{"line":50,"column":57}}]},"8":{"type":"branch","line":52,"loc":{"start":{"line":52,"column":31},"end":{"line":54,"column":25}},"locations":[{"start":{"line":52,"column":31},"end":{"line":54,"column":25}}]},"9":{"type":"branch","line":54,"loc":{"start":{"line":54,"column":20},"end":{"line":54,"column":25}},"locations":[{"start":{"line":54,"column":20},"end":{"line":54,"column":25}}]}},"b":{"0":[30],"1":[76],"2":[1],"3":[75],"4":[21],"5":[55],"6":[0],"7":[0],"8":[1],"9":[75]},"fnMap":{"0":{"name":"InterventionLog","decl":{"start":{"line":9,"column":15},"end":{"line":69,"column":1}},"loc":{"start":{"line":9,"column":15},"end":{"line":69,"column":1}},"line":9}},"f":{"0":30}}
,"/Users/noname/Documents/Misc/crowd-flow-optimiser/frontend/components/TopBar.tsx": {"path":"/Users/noname/Documents/Misc/crowd-flow-optimiser/frontend/components/TopBar.tsx","all":false,"statementMap":{"0":{"start":{"line":1,"column":0},"end":{"line":1,"column":13}},"1":{"start":{"line":2,"column":0},"end":{"line":2,"column":0}},"2":{"start":{"line":3,"column":0},"end":{"line":3,"column":44}},"3":{"start":{"line":4,"column":0},"end":{"line":4,"column":46}},"4":{"start":{"line":5,"column":0},"end":{"line":5,"column":0}},"5":{"start":{"line":6,"column":0},"end":{"line":6,"column":17}},"6":{"start":{"line":7,"column":0},"end":{"line":7,"column":22}},"7":{"start":{"line":8,"column":0},"end":{"line":8,"column":21}},"8":{"start":{"line":9,"column":0},"end":{"line":9,"column":28}},"9":{"start":{"line":10,"column":0},"end":{"line":10,"column":1}},"10":{"start":{"line":11,"column":0},"end":{"line":11,"column":0}},"11":{"start":{"line":12,"column":0},"end":{"line":12,"column":3}},"12":{"start":{"line":13,"column":0},"end":{"line":13,"column":70}},"13":{"start":{"line":14,"column":0},"end":{"line":14,"column":72}},"14":{"start":{"line":15,"column":0},"end":{"line":15,"column":71}},"15":{"start":{"line":16,"column":0},"end":{"line":16,"column":20}},"16":{"start":{"line":17,"column":0},"end":{"line":17,"column":3}},"17":{"start":{"line":18,"column":0},"end":{"line":18,"column":28}},"18":{"start":{"line":19,"column":0},"end":{"line":19,"column":56}},"19":{"start":{"line":20,"column":0},"end":{"line":20,"column":38}},"20":{"start":{"line":21,"column":0},"end":{"line":21,"column":0}},"21":{"start":{"line":22,"column":0},"end":{"line":22,"column":19}},"22":{"start":{"line":23,"column":0},"end":{"line":23,"column":75}},"23":{"start":{"line":24,"column":0},"end":{"line":24,"column":26}},"24":{"start":{"line":25,"column":0},"end":{"line":25,"column":0}},"25":{"start":{"line":26,"column":0},"end":{"line":26,"column":24}},"26":{"start":{"line":27,"column":0},"end":{"line":27,"column":53}},"27":{"start":{"line":28,"column":0},"end":{"line":28,"column":46}},"28":{"start":{"line":29,"column":0},"end":{"line":29,"column":22}},"29":{"start":{"line":30,"column":0},"end":{"line":30,"column":32}},"30":{"start":{"line":31,"column":0},"end":{"line":31,"column":28}},"31":{"start":{"line":32,"column":0},"end":{"line":32,"column":35}},"32":{"start":{"line":33,"column":0},"end":{"line":33,"column":10}},"33":{"start":{"line":34,"column":0},"end":{"line":34,"column":22}},"34":{"start":{"line":35,"column":0},"end":{"line":35,"column":27}},"35":{"start":{"line":36,"column":0},"end":{"line":36,"column":25}},"36":{"start":{"line":37,"column":0},"end":{"line":37,"column":26}},"37":{"start":{"line":38,"column":0},"end":{"line":38,"column":11}},"38":{"start":{"line":39,"column":0},"end":{"line":39,"column":11}},"39":{"start":{"line":40,"column":0},"end":{"line":40,"column":6}},"40":{"start":{"line":41,"column":0},"end":{"line":41,"column":0}},"41":{"start":{"line":42,"column":0},"end":{"line":42,"column":11}},"42":{"start":{"line":43,"column":0},"end":{"line":43,"column":40}},"43":{"start":{"line":44,"column":0},"end":{"line":44,"column":18}},"44":{"start":{"line":45,"column":0},"end":{"line":45,"column":23}},"45":{"start":{"line":46,"column":0},"end":{"line":46,"column":23}},"46":{"start":{"line":47,"column":0},"end":{"line":47,"column":6}},"47":{"start":{"line":48,"column":0},"end":{"line":48,"column":9}},"48":{"start":{"line":49,"column":0},"end":{"line":49,"column":0}},"49":{"start":{"line":50,"column":0},"end":{"line":50,"column":15}},"50":{"start":{"line":51,"column":0},"end":{"line":51,"column":25}},"51":{"start":{"line":52,"column":0},"end":{"line":52,"column":56}},"52":{"start":{"line":53,"column":0},"end":{"line":53,"column":51}},"53":{"start":{"line":54,"column":0},"end":{"line":54,"column":0}},"54":{"start":{"line":55,"column":0},"end":{"line":55,"column":10}},"55":{"start":{"line":56,"column":0},"end":{"line":56,"column":81}},"56":{"start":{"line":57,"column":0},"end":{"line":57,"column":13}},"57":{"start":{"line":58,"column":0},"end":{"line":58,"column":11}},"58":{"start":{"line":59,"column":0},"end":{"line":59,"column":4}},"59":{"start":{"line":60,"column":0},"end":{"line":60,"column":1}},"60":{"start":{"line":61,"column":0},"end":{"line":61,"column":0}},"61":{"start":{"line":62,"column":0},"end":{"line":62,"column":80}},"62":{"start":{"line":63,"column":0},"end":{"line":63,"column":30}},"63":{"start":{"line":64,"column":0},"end":{"line":64,"column":67}},"64":{"start":{"line":65,"column":0},"end":{"line":65,"column":65}},"65":{"start":{"line":66,"column":0},"end":{"line":66,"column":75}},"66":{"start":{"line":67,"column":0},"end":{"line":67,"column":67}},"67":{"start":{"line":68,"column":0},"end":{"line":68,"column":0}},"68":{"start":{"line":69,"column":0},"end":{"line":69,"column":10}},"69":{"start":{"line":70,"column":0},"end":{"line":70,"column":89}},"70":{"start":{"line":71,"column":0},"end":{"line":71,"column":85}},"71":{"start":{"line":72,"column":0},"end":{"line":72,"column":51}},"72":{"start":{"line":73,"column":0},"end":{"line":73,"column":77}},"73":{"start":{"line":74,"column":0},"end":{"line":74,"column":61}},"74":{"start":{"line":75,"column":0},"end":{"line":75,"column":53}},"75":{"start":{"line":76,"column":0},"end":{"line":76,"column":21}},"76":{"start":{"line":77,"column":0},"end":{"line":77,"column":15}},"77":{"start":{"line":78,"column":0},"end":{"line":78,"column":87}},"78":{"start":{"line":79,"column":0},"end":{"line":79,"column":44}},"79":{"start":{"line":80,"column":0},"end":{"line":80,"column":17}},"80":{"start":{"line":81,"column":0},"end":{"line":81,"column":14}},"81":{"start":{"line":82,"column":0},"end":{"line":82,"column":0}},"82":{"start":{"line":83,"column":0},"end":{"line":83,"column":74}},"83":{"start":{"line":84,"column":0},"end":{"line":84,"column":54}},"84":{"start":{"line":85,"column":0},"end":{"line":85,"column":17}},"85":{"start":{"line":86,"column":0},"end":{"line":86,"column":32}},"86":{"start":{"line":87,"column":0},"end":{"line":87,"column":104}},"87":{"start":{"line":88,"column":0},"end":{"line":88,"column":14}},"88":{"start":{"line":89,"column":0},"end":{"line":89,"column":76}},"89":{"start":{"line":90,"column":0},"end":{"line":90,"column":59}},"90":{"start":{"line":91,"column":0},"end":{"line":91,"column":19}},"91":{"start":{"line":92,"column":0},"end":{"line":92,"column":17}},"92":{"start":{"line":93,"column":0},"end":{"line":93,"column":67}},"93":{"start":{"line":94,"column":0},"end":{"line":94,"column":29}},"94":{"start":{"line":95,"column":0},"end":{"line":95,"column":67}},"95":{"start":{"line":96,"column":0},"end":{"line":96,"column":76}},"96":{"start":{"line":97,"column":0},"end":{"line":97,"column":95}},"97":{"start":{"line":98,"column":0},"end":{"line":98,"column":105}},"98":{"start":{"line":99,"column":0},"end":{"line":99,"column":115}},"99":{"start":{"line":100,"column":0},"end":{"line":100,"column":94}},"100":{"start":{"line":101,"column":0},"end":{"line":101,"column":14}},"101":{"start":{"line":102,"column":0},"end":{"line":102,"column":12}},"102":{"start":{"line":103,"column":0},"end":{"line":103,"column":13}},"103":{"start":{"line":104,"column":0},"end":{"line":104,"column":4}},"104":{"start":{"line":105,"column":0},"end":{"line":105,"column":1}},"105":{"start":{"line":106,"column":0},"end":{"line":106,"column":0}},"106":{"start":{"line":107,"column":0},"end":{"line":107,"column":91}},"107":{"start":{"line":108,"column":0},"end":{"line":108,"column":10}},"108":{"start":{"line":109,"column":0},"end":{"line":109,"column":60}},"109":{"start":{"line":110,"column":0},"end":{"line":110,"column":80}},"110":{"start":{"line":111,"column":0},"end":{"line":111,"column":68}},"111":{"start":{"line":112,"column":0},"end":{"line":112,"column":11}},"112":{"start":{"line":113,"column":0},"end":{"line":113,"column":4}},"113":{"start":{"line":114,"column":0},"end":{"line":114,"column":1}}},"s":{"0":1,"1":1,"2":1,"3":1,"4":1,"5":1,"6":1,"7":1,"8":1,"9":1,"10":1,"11":1,"12":1,"13":1,"14":1,"15":1,"16":1,"17":41,"18":41,"19":41,"20":41,"21":41,"22":15,"23":15,"24":15,"25":15,"26":16,"27":16,"28":16,"29":15,"30":14,"31":15,"32":15,"33":16,"34":1,"35":1,"36":1,"37":1,"38":1,"39":16,"40":15,"41":15,"42":15,"43":15,"44":15,"45":15,"46":15,"47":41,"48":41,"49":41,"50":41,"51":1,"52":40,"53":41,"54":41,"55":41,"56":41,"57":41,"58":41,"59":41,"60":1,"61":1,"62":32,"63":32,"64":32,"65":32,"66":32,"67":32,"68":32,"69":32,"70":32,"71":32,"72":32,"73":32,"74":32,"75":32,"76":32,"77":32,"78":32,"79":32,"80":32,"81":32,"82":32,"83":32,"84":32,"85":32,"86":32,"87":32,"88":32,"89":32,"90":32,"91":32,"92":32,"93":32,"94":32,"95":32,"96":32,"97":32,"98":32,"99":32,"100":32,"101":32,"102":32,"103":32,"104":32,"105":1,"106":160,"107":160,"108":160,"109":160,"110":160,"111":160,"112":160,"113":160},"branchMap":{"0":{"type":"branch","line":18,"loc":{"start":{"line":18,"column":0},"end":{"line":60,"column":1}},"locations":[{"start":{"line":18,"column":0},"end":{"line":60,"column":1}}]},"1":{"type":"branch","line":51,"loc":{"start":{"line":51,"column":4},"end":{"line":51,"column":25}},"locations":[{"start":{"line":51,"column":4},"end":{"line":51,"column":25}}]},"2":{"type":"branch","line":51,"loc":{"start":{"line":51,"column":19},"end":{"line":52,"column":56}},"locations":[{"start":{"line":51,"column":19},"end":{"line":52,"column":56}}]},"3":{"type":"branch","line":52,"loc":{"start":{"line":52,"column":8},"end":{"line":53,"column":51}},"locations":[{"start":{"line":52,"column":8},"end":{"line":53,"column":51}}]},"4":{"type":"branch","line":22,"loc":{"start":{"line":22,"column":12},"end":{"line":48,"column":5}},"locations":[{"start":{"line":22,"column":12},"end":{"line":48,"column":5}}]},"5":{"type":"branch","line":26,"loc":{"start":{"line":26,"column":17},"end":{"line":40,"column":6}},"locations":[{"start":{"line":26,"column":17},"end":{"line":40,"column":6}}]},"6":{"type":"branch","line":28,"loc":{"start":{"line":28,"column":14},"end":{"line":28,"column":46}},"locations":[{"start":{"line":28,"column":14},"end":{"line":28,"column":46}}]},"7":{"type":"branch","line":28,"loc":{"start":{"line":28,"column":35},"end":{"line":28,"column":46}},"locations":[{"start":{"line":28,"column":35},"end":{"line":28,"column":46}}]},"8":{"type":"branch","line":29,"loc":{"start":{"line":29,"column":14},"end":{"line":33,"column":10}},"locations":[{"start":{"line":29,"column":14},"end":{"line":33,"column":10}}]},"9":{"type":"branch","line":30,"loc":{"start":{"line":30,"column":25},"end":{"line":30,"column":32}},"locations":[{"start":{"line":30,"column":25},"end":{"line":30,"column":32}}]},"10":{"type":"branch","line":30,"loc":{"start":{"line":30,"column":25},"end":{"line":32,"column":29}},"locations":[{"start":{"line":30,"column":25},"end":{"line":32,"column":29}}]},"11":{"type":"branch","line":32,"loc":{"start":{"line":32,"column":21},"end":{"line":32,"column":35}},"locations":[{"start":{"line":32,"column":21},"end":{"line":32,"column":35}}]},"12":{"type":"branch","line":34,"loc":{"start":{"line":34,"column":15},"end":{"line":39,"column":11}},"locations":[{"start":{"line":34,"column":15},"end":{"line":39,"column":11}}]},"13":{"type":"branch","line":44,"loc":{"start":{"line":44,"column":11},"end":{"line":47,"column":6}},"locations":[{"start":{"line":44,"column":11},"end":{"line":47,"column":6}}]},"14":{"type":"branch","line":62,"loc":{"start":{"line":62,"column":15},"end":{"line":105,"column":1}},"locations":[{"start":{"line":62,"column":15},"end":{"line":105,"column":1}}]},"15":{"type":"branch","line":87,"loc":{"start":{"line":87,"column":32},"end":{"line":87,"column":74}},"locations":[{"start":{"line":87,"column":32},"end":{"line":87,"column":74}}]},"16":{"type":"branch","line":87,"loc":{"start":{"line":87,"column":44},"end":{"line":87,"column":103}},"locations":[{"start":{"line":87,"column":44},"end":{"line":87,"column":103}}]},"17":{"type":"branch","line":89,"loc":{"start":{"line":89,"column":29},"end":{"line":89,"column":59}},"locations":[{"start":{"line":89,"column":29},"end":{"line":89,"column":59}}]},"18":{"type":"branch","line":89,"loc":{"start":{"line":89,"column":41},"end":{"line":89,"column":76}},"locations":[{"start":{"line":89,"column":41},"end":{"line":89,"column":76}}]},"19":{"type":"branch","line":90,"loc":{"start":{"line":90,"column":15},"end":{"line":90,"column":44}},"locations":[{"start":{"line":90,"column":15},"end":{"line":90,"column":44}}]},"20":{"type":"branch","line":90,"loc":{"start":{"line":90,"column":27},"end":{"line":90,"column":59}},"locations":[{"start":{"line":90,"column":27},"end":{"line":90,"column":59}}]},"21":{"type":"branch","line":98,"loc":{"start":{"line":98,"column":62},"end":{"line":98,"column":86}},"locations":[{"start":{"line":98,"column":62},"end":{"line":98,"column":86}}]},"22":{"type":"branch","line":98,"loc":{"start":{"line":98,"column":66},"end":{"line":98,"column":105}},"locations":[{"start":{"line":98,"column":66},"end":{"line":98,"column":105}}]},"23":{"type":"branch","line":99,"loc":{"start":{"line":99,"column":74},"end":{"line":99,"column":96}},"locations":[{"start":{"line":99,"column":74},"end":{"line":99,"column":96}}]},"24":{"type":"branch","line":99,"loc":{"start":{"line":99,"column":78},"end":{"line":99,"column":115}},"locations":[{"start":{"line":99,"column":78},"end":{"line":99,"column":115}}]},"25":{"type":"branch","line":64,"loc":{"start":{"line":64,"column":33},"end":{"line":64,"column":62}},"locations":[{"start":{"line":64,"column":33},"end":{"line":64,"column":62}}]},"26":{"type":"branch","line":65,"loc":{"start":{"line":65,"column":32},"end":{"line":65,"column":60}},"locations":[{"start":{"line":65,"column":32},"end":{"line":65,"column":60}}]},"27":{"type":"branch","line":66,"loc":{"start":{"line":66,"column":32},"end":{"line":66,"column":68}},"locations":[{"start":{"line":66,"column":32},"end":{"line":66,"column":68}}]},"28":{"type":"branch","line":67,"loc":{"start":{"line":67,"column":28},"end":{"line":67,"column":60}},"locations":[{"start":{"line":67,"column":28},"end":{"line":67,"column":60}}]},"29":{"type":"branch","line":107,"loc":{"start":{"line":107,"column":0},"end":{"line":114,"column":1}},"locations":[{"start":{"line":107,"column":0},"end":{"line":114,"column":1}}]}},"b":{"0":[41],"1":[24],"2":[1],"3":[40],"4":[15],"5":[16],"6":[15],"7":[0],"8":[15],"9":[1],"10":[14],"11":[0],"12":[1],"13":[15],"14":[32],"15":[8],"16":[24],"17":[8],"18":[24],"19":[8],"20":[24],"21":[23],"22":[9],"23":[24],"24":[8],"25":[79],"26":[79],"27":[79],"28":[79],"29":[160]},"fnMap":{"0":{"name":"TelemetrySource","decl":{"start":{"line":18,"column":0},"end":{"line":60,"column":1}},"loc":{"start":{"line":18,"column":0},"end":{"line":60,"column":1}},"line":18},"1":{"name":"poll","decl":{"start":{"line":26,"column":17},"end":{"line":40,"column":6}},"loc":{"start":{"line":26,"column":17},"end":{"line":40,"column":6}},"line":26},"2":{"name":"TopBar","decl":{"start":{"line":62,"column":15},"end":{"line":105,"column":1}},"loc":{"start":{"line":62,"column":15},"end":{"line":105,"column":1}},"line":62},"3":{"name":"Stat","decl":{"start":{"line":107,"column":0},"end":{"line":114,"column":1}},"loc":{"start":{"line":107,"column":0},"end":{"line":114,"column":1}},"line":107}},"f":{"0":41,"1":16,"2":32,"3":160}}
,"/Users/noname/Documents/Misc/crowd-flow-optimiser/frontend/components/ZoneLead.tsx": {"path":"/Users/noname/Documents/Misc/crowd-flow-optimiser/frontend/components/ZoneLead.tsx","all":false,"statementMap":{"0":{"start":{"line":1,"column":0},"end":{"line":1,"column":13}},"1":{"start":{"line":2,"column":0},"end":{"line":2,"column":0}},"2":{"start":{"line":3,"column":0},"end":{"line":3,"column":52}},"3":{"start":{"line":4,"column":0},"end":{"line":4,"column":0}},"4":{"start":{"line":5,"column":0},"end":{"line":5,"column":73}},"5":{"start":{"line":6,"column":0},"end":{"line":6,"column":60}},"6":{"start":{"line":7,"column":0},"end":{"line":7,"column":0}},"7":{"start":{"line":8,"column":0},"end":{"line":8,"column":17}},"8":{"start":{"line":9,"column":0},"end":{"line":9,"column":19}},"9":{"start":{"line":10,"column":0},"end":{"line":10,"column":79}},"10":{"start":{"line":11,"column":0},"end":{"line":11,"column":34}},"11":{"start":{"line":12,"column":0},"end":{"line":12,"column":39}},"12":{"start":{"line":13,"column":0},"end":{"line":13,"column":16}},"13":{"start":{"line":14,"column":0},"end":{"line":14,"column":1}},"14":{"start":{"line":15,"column":0},"end":{"line":15,"column":0}},"15":{"start":{"line":16,"column":0},"end":{"line":16,"column":81}},"16":{"start":{"line":17,"column":0},"end":{"line":17,"column":38}},"17":{"start":{"line":18,"column":0},"end":{"line":18,"column":83}},"18":{"start":{"line":19,"column":0},"end":{"line":19,"column":21}},"19":{"start":{"line":20,"column":0},"end":{"line":20,"column":1}},"20":{"start":{"line":21,"column":0},"end":{"line":21,"column":0}},"21":{"start":{"line":22,"column":0},"end":{"line":22,"column":3}},"22":{"start":{"line":23,"column":0},"end":{"line":23,"column":69}},"23":{"start":{"line":24,"column":0},"end":{"line":24,"column":74}},"24":{"start":{"line":25,"column":0},"end":{"line":25,"column":70}},"25":{"start":{"line":26,"column":0},"end":{"line":26,"column":73}},"26":{"start":{"line":27,"column":0},"end":{"line":27,"column":66}},"27":{"start":{"line":28,"column":0},"end":{"line":28,"column":2}},"28":{"start":{"line":29,"column":0},"end":{"line":29,"column":72}},"29":{"start":{"line":30,"column":0},"end":{"line":30,"column":74}},"30":{"start":{"line":31,"column":0},"end":{"line":31,"column":74}},"31":{"start":{"line":32,"column":0},"end":{"line":32,"column":71}},"32":{"start":{"line":33,"column":0},"end":{"line":33,"column":3}},"33":{"start":{"line":34,"column":0},"end":{"line":34,"column":81}},"34":{"start":{"line":35,"column":0},"end":{"line":35,"column":70}},"35":{"start":{"line":36,"column":0},"end":{"line":36,"column":50}},"36":{"start":{"line":37,"column":0},"end":{"line":37,"column":0}},"37":{"start":{"line":38,"column":0},"end":{"line":38,"column":44}},"38":{"start":{"line":39,"column":0},"end":{"line":39,"column":70}},"39":{"start":{"line":40,"column":0},"end":{"line":40,"column":0}},"40":{"start":{"line":41,"column":0},"end":{"line":41,"column":67}},"41":{"start":{"line":42,"column":0},"end":{"line":42,"column":19}},"42":{"start":{"line":43,"column":0},"end":{"line":43,"column":20}},"43":{"start":{"line":44,"column":0},"end":{"line":44,"column":18}},"44":{"start":{"line":45,"column":0},"end":{"line":45,"column":59}},"45":{"start":{"line":46,"column":0},"end":{"line":46,"column":6}},"46":{"start":{"line":47,"column":0},"end":{"line":47,"column":21}},"47":{"start":{"line":48,"column":0},"end":{"line":48,"column":0}},"48":{"start":{"line":49,"column":0},"end":{"line":49,"column":29}},"49":{"start":{"line":50,"column":0},"end":{"line":50,"column":21}},"50":{"start":{"line":51,"column":0},"end":{"line":51,"column":16}},"51":{"start":{"line":52,"column":0},"end":{"line":52,"column":59}},"52":{"start":{"line":53,"column":0},"end":{"line":53,"column":22}},"53":{"start":{"line":54,"column":0},"end":{"line":54,"column":31}},"54":{"start":{"line":55,"column":0},"end":{"line":55,"column":12}},"55":{"start":{"line":56,"column":0},"end":{"line":56,"column":21}},"56":{"start":{"line":57,"column":0},"end":{"line":57,"column":59}},"57":{"start":{"line":58,"column":0},"end":{"line":58,"column":65}},"58":{"start":{"line":59,"column":0},"end":{"line":59,"column":5}},"59":{"start":{"line":60,"column":0},"end":{"line":60,"column":4}},"60":{"start":{"line":61,"column":0},"end":{"line":61,"column":0}},"61":{"start":{"line":62,"column":0},"end":{"line":62,"column":97}},"62":{"start":{"line":63,"column":0},"end":{"line":63,"column":82}},"63":{"start":{"line":64,"column":0},"end":{"line":64,"column":0}},"64":{"start":{"line":65,"column":0},"end":{"line":65,"column":10}},"65":{"start":{"line":66,"column":0},"end":{"line":66,"column":79}},"66":{"start":{"line":67,"column":0},"end":{"line":67,"column":83}},"67":{"start":{"line":68,"column":0},"end":{"line":68,"column":11}},"68":{"start":{"line":69,"column":0},"end":{"line":69,"column":43}},"69":{"start":{"line":70,"column":0},"end":{"line":70,"column":74}},"70":{"start":{"line":71,"column":0},"end":{"line":71,"column":9}},"71":{"start":{"line":72,"column":0},"end":{"line":72,"column":24}},"72":{"start":{"line":73,"column":0},"end":{"line":73,"column":13}},"73":{"start":{"line":74,"column":0},"end":{"line":74,"column":90}},"74":{"start":{"line":75,"column":0},"end":{"line":75,"column":64}},"75":{"start":{"line":76,"column":0},"end":{"line":76,"column":27}},"76":{"start":{"line":77,"column":0},"end":{"line":77,"column":15}},"77":{"start":{"line":78,"column":0},"end":{"line":78,"column":12}},"78":{"start":{"line":79,"column":0},"end":{"line":79,"column":0}},"79":{"start":{"line":80,"column":0},"end":{"line":80,"column":60}},"80":{"start":{"line":81,"column":0},"end":{"line":81,"column":12}},"81":{"start":{"line":82,"column":0},"end":{"line":82,"column":40}},"82":{"start":{"line":83,"column":0},"end":{"line":83,"column":56}},"83":{"start":{"line":84,"column":0},"end":{"line":84,"column":114}},"84":{"start":{"line":85,"column":0},"end":{"line":85,"column":9}},"85":{"start":{"line":86,"column":0},"end":{"line":86,"column":16}},"86":{"start":{"line":87,"column":0},"end":{"line":87,"column":64}},"87":{"start":{"line":88,"column":0},"end":{"line":88,"column":14}},"88":{"start":{"line":89,"column":0},"end":{"line":89,"column":85}},"89":{"start":{"line":90,"column":0},"end":{"line":90,"column":43}},"90":{"start":{"line":91,"column":0},"end":{"line":91,"column":28}},"91":{"start":{"line":92,"column":0},"end":{"line":92,"column":69}},"92":{"start":{"line":93,"column":0},"end":{"line":93,"column":17}},"93":{"start":{"line":94,"column":0},"end":{"line":94,"column":89}},"94":{"start":{"line":95,"column":0},"end":{"line":95,"column":42}},"95":{"start":{"line":96,"column":0},"end":{"line":96,"column":87}},"96":{"start":{"line":97,"column":0},"end":{"line":97,"column":17}},"97":{"start":{"line":98,"column":0},"end":{"line":98,"column":14}},"98":{"start":{"line":99,"column":0},"end":{"line":99,"column":12}},"99":{"start":{"line":100,"column":0},"end":{"line":100,"column":0}},"100":{"start":{"line":101,"column":0},"end":{"line":101,"column":58}},"101":{"start":{"line":102,"column":0},"end":{"line":102,"column":75}},"102":{"start":{"line":103,"column":0},"end":{"line":103,"column":12}},"103":{"start":{"line":104,"column":0},"end":{"line":104,"column":0}},"104":{"start":{"line":105,"column":0},"end":{"line":105,"column":22}},"105":{"start":{"line":106,"column":0},"end":{"line":106,"column":113}},"106":{"start":{"line":107,"column":0},"end":{"line":107,"column":16}},"107":{"start":{"line":108,"column":0},"end":{"line":108,"column":83}},"108":{"start":{"line":109,"column":0},"end":{"line":109,"column":54}},"109":{"start":{"line":110,"column":0},"end":{"line":110,"column":65}},"110":{"start":{"line":111,"column":0},"end":{"line":111,"column":17}},"111":{"start":{"line":112,"column":0},"end":{"line":112,"column":80}},"112":{"start":{"line":113,"column":0},"end":{"line":113,"column":14}},"113":{"start":{"line":114,"column":0},"end":{"line":114,"column":8}},"114":{"start":{"line":115,"column":0},"end":{"line":115,"column":0}},"115":{"start":{"line":116,"column":0},"end":{"line":116,"column":13}},"116":{"start":{"line":117,"column":0},"end":{"line":117,"column":29}},"117":{"start":{"line":118,"column":0},"end":{"line":118,"column":23}},"118":{"start":{"line":119,"column":0},"end":{"line":119,"column":28}},"119":{"start":{"line":120,"column":0},"end":{"line":120,"column":15}},"120":{"start":{"line":121,"column":0},"end":{"line":121,"column":15}},"121":{"start":{"line":122,"column":0},"end":{"line":122,"column":58}},"122":{"start":{"line":123,"column":0},"end":{"line":123,"column":62}},"123":{"start":{"line":124,"column":0},"end":{"line":124,"column":9}},"124":{"start":{"line":125,"column":0},"end":{"line":125,"column":129}},"125":{"start":{"line":126,"column":0},"end":{"line":126,"column":15}},"126":{"start":{"line":127,"column":0},"end":{"line":127,"column":81}},"127":{"start":{"line":128,"column":0},"end":{"line":128,"column":93}},"128":{"start":{"line":129,"column":0},"end":{"line":129,"column":11}},"129":{"start":{"line":130,"column":0},"end":{"line":130,"column":7}},"130":{"start":{"line":131,"column":0},"end":{"line":131,"column":58}},"131":{"start":{"line":132,"column":0},"end":{"line":132,"column":15}},"132":{"start":{"line":133,"column":0},"end":{"line":133,"column":14}},"133":{"start":{"line":134,"column":0},"end":{"line":134,"column":4}},"134":{"start":{"line":135,"column":0},"end":{"line":135,"column":1}}},"s":{"0":1,"1":1,"2":1,"3":1,"4":1,"5":1,"6":1,"7":1,"8":1,"9":1,"10":1,"11":1,"12":1,"13":1,"14":1,"15":1,"16":22,"17":22,"18":22,"19":22,"20":1,"21":1,"22":1,"23":1,"24":1,"25":1,"26":1,"27":1,"28":1,"29":1,"30":1,"31":1,"32":1,"33":1,"34":41,"35":41,"36":41,"37":41,"38":41,"39":41,"40":41,"41":41,"42":19,"43":19,"44":19,"45":19,"46":41,"47":41,"48":41,"49":8,"50":8,"51":3,"52":3,"53":3,"54":6,"55":5,"56":5,"57":5,"58":5,"59":8,"60":41,"61":41,"62":41,"63":41,"64":41,"65":41,"66":41,"67":41,"68":41,"69":41,"70":41,"71":41,"72":41,"73":41,"74":41,"75":41,"76":41,"77":41,"78":41,"79":41,"80":41,"81":41,"82":41,"83":41,"84":41,"85":41,"86":41,"87":41,"88":41,"89":41,"90":41,"91":41,"92":41,"93":41,"94":41,"95":41,"96":41,"97":41,"98":41,"99":41,"100":41,"101":41,"102":41,"103":41,"104":41,"105":41,"106":41,"107":41,"108":41,"109":41,"110":41,"111":41,"112":41,"113":41,"114":41,"115":41,"116":41,"117":41,"118":41,"119":41,"120":41,"121":11,"122":30,"123":41,"124":41,"125":41,"126":11,"127":30,"128":41,"129":41,"130":41,"131":41,"132":41,"133":41,"134":41},"branchMap":{"0":{"type":"branch","line":17,"loc":{"start":{"line":17,"column":0},"end":{"line":20,"column":1}},"locations":[{"start":{"line":17,"column":0},"end":{"line":20,"column":1}}]},"1":{"type":"branch","line":34,"loc":{"start":{"line":34,"column":15},"end":{"line":135,"column":1}},"locations":[{"start":{"line":34,"column":15},"end":{"line":135,"column":1}}]},"2":{"type":"branch","line":35,"loc":{"start":{"line":35,"column":45},"end":{"line":35,"column":69}},"locations":[{"start":{"line":35,"column":45},"end":{"line":35,"column":69}}]},"3":{"type":"branch","line":62,"loc":{"start":{"line":62,"column":22},"end":{"line":62,"column":90}},"locations":[{"start":{"line":62,"column":22},"end":{"line":62,"column":90}}]},"4":{"type":"branch","line":62,"loc":{"start":{"line":62,"column":71},"end":{"line":62,"column":90}},"locations":[{"start":{"line":62,"column":71},"end":{"line":62,"column":90}}]},"5":{"type":"branch","line":62,"loc":{"start":{"line":62,"column":90},"end":{"line":62,"column":97}},"locations":[{"start":{"line":62,"column":90},"end":{"line":62,"column":97}}]},"6":{"type":"branch","line":63,"loc":{"start":{"line":63,"column":23},"end":{"line":63,"column":43}},"locations":[{"start":{"line":63,"column":23},"end":{"line":63,"column":43}}]},"7":{"type":"branch","line":63,"loc":{"start":{"line":63,"column":54},"end":{"line":63,"column":82}},"locations":[{"start":{"line":63,"column":54},"end":{"line":63,"column":82}}]},"8":{"type":"branch","line":84,"loc":{"start":{"line":84,"column":83},"end":{"line":84,"column":92}},"locations":[{"start":{"line":84,"column":83},"end":{"line":84,"column":92}}]},"9":{"type":"branch","line":84,"loc":{"start":{"line":84,"column":92},"end":{"line":84,"column":113}},"locations":[{"start":{"line":84,"column":92},"end":{"line":84,"column":113}}]},"10":{"type":"branch","line":82,"loc":{"start":{"line":82,"column":15},"end":{"line":82,"column":33}},"locations":[{"start":{"line":82,"column":15},"end":{"line":82,"column":33}}]},"11":{"type":"branch","line":82,"loc":{"start":{"line":82,"column":27},"end":{"line":82,"column":40}},"locations":[{"start":{"line":82,"column":27},"end":{"line":82,"column":40}}]},"12":{"type":"branch","line":108,"loc":{"start":{"line":108,"column":38},"end":{"line":108,"column":69}},"locations":[{"start":{"line":108,"column":38},"end":{"line":108,"column":69}}]},"13":{"type":"branch","line":108,"loc":{"start":{"line":108,"column":53},"end":{"line":108,"column":83}},"locations":[{"start":{"line":108,"column":53},"end":{"line":108,"column":83}}]},"14":{"type":"branch","line":121,"loc":{"start":{"line":121,"column":10},"end":{"line":122,"column":58}},"locations":[{"start":{"line":121,"column":10},"end":{"line":122,"column":58}}]},"15":{"type":"branch","line":122,"loc":{"start":{"line":122,"column":14},"end":{"line":123,"column":62}},"locations":[{"start":{"line":122,"column":14},"end":{"line":123,"column":62}}]},"16":{"type":"branch","line":126,"loc":{"start":{"line":126,"column":10},"end":{"line":127,"column":81}},"locations":[{"start":{"line":126,"column":10},"end":{"line":127,"column":81}}]},"17":{"type":"branch","line":127,"loc":{"start":{"line":127,"column":14},"end":{"line":128,"column":93}},"locations":[{"start":{"line":127,"column":14},"end":{"line":128,"column":93}}]},"18":{"type":"branch","line":131,"loc":{"start":{"line":131,"column":9},"end":{"line":131,"column":40}},"locations":[{"start":{"line":131,"column":9},"end":{"line":131,"column":40}}]},"19":{"type":"branch","line":131,"loc":{"start":{"line":131,"column":17},"end":{"line":131,"column":58}},"locations":[{"start":{"line":131,"column":17},"end":{"line":131,"column":58}}]},"20":{"type":"branch","line":42,"loc":{"start":{"line":42,"column":12},"end":{"line":47,"column":5}},"locations":[{"start":{"line":42,"column":12},"end":{"line":47,"column":5}}]},"21":{"type":"branch","line":44,"loc":{"start":{"line":44,"column":11},"end":{"line":46,"column":6}},"locations":[{"start":{"line":44,"column":11},"end":{"line":46,"column":6}}]},"22":{"type":"branch","line":45,"loc":{"start":{"line":45,"column":28},"end":{"line":45,"column":59}},"locations":[{"start":{"line":45,"column":28},"end":{"line":45,"column":59}}]},"23":{"type":"branch","line":49,"loc":{"start":{"line":49,"column":22},"end":{"line":60,"column":4}},"locations":[{"start":{"line":49,"column":22},"end":{"line":60,"column":4}}]},"24":{"type":"branch","line":50,"loc":{"start":{"line":50,"column":14},"end":{"line":50,"column":21}},"locations":[{"start":{"line":50,"column":14},"end":{"line":50,"column":21}}]},"25":{"type":"branch","line":51,"loc":{"start":{"line":51,"column":15},"end":{"line":59,"column":5}},"locations":[{"start":{"line":51,"column":15},"end":{"line":59,"column":5}}]},"26":{"type":"branch","line":51,"loc":{"start":{"line":51,"column":15},"end":{"line":55,"column":11}},"locations":[{"start":{"line":51,"column":15},"end":{"line":55,"column":11}}]},"27":{"type":"branch","line":55,"loc":{"start":{"line":55,"column":4},"end":{"line":59,"column":5}},"locations":[{"start":{"line":55,"column":4},"end":{"line":59,"column":5}}]},"28":{"type":"branch","line":57,"loc":{"start":{"line":57,"column":28},"end":{"line":57,"column":59}},"locations":[{"start":{"line":57,"column":28},"end":{"line":57,"column":59}}]},"29":{"type":"branch","line":58,"loc":{"start":{"line":58,"column":36},"end":{"line":58,"column":59}},"locations":[{"start":{"line":58,"column":36},"end":{"line":58,"column":59}}]}},"b":{"0":[22],"1":[41],"2":[0],"3":[22],"4":[0],"5":[19],"6":[22],"7":[19],"8":[39],"9":[2],"10":[22],"11":[19],"12":[3],"13":[19],"14":[11],"15":[30],"16":[11],"17":[30],"18":[11],"19":[30],"20":[19],"21":[19],"22":[6],"23":[8],"24":[0],"25":[6],"26":[3],"27":[5],"28":[0],"29":[1]},"fnMap":{"0":{"name":"ageAgo","decl":{"start":{"line":17,"column":0},"end":{"line":20,"column":1}},"loc":{"start":{"line":17,"column":0},"end":{"line":20,"column":1}},"line":17},"1":{"name":"ZoneLead","decl":{"start":{"line":34,"column":15},"end":{"line":135,"column":1}},"loc":{"start":{"line":34,"column":15},"end":{"line":135,"column":1}},"line":34},"2":{"name":"handleClick","decl":{"start":{"line":49,"column":22},"end":{"line":60,"column":4}},"loc":{"start":{"line":49,"column":22},"end":{"line":60,"column":4}},"line":49}},"f":{"0":22,"1":41,"2":8}}
,"/Users/noname/Documents/Misc/crowd-flow-optimiser/frontend/components/ZoneRow.tsx": {"path":"/Users/noname/Documents/Misc/crowd-flow-optimiser/frontend/components/ZoneRow.tsx","all":false,"statementMap":{"0":{"start":{"line":1,"column":0},"end":{"line":1,"column":13}},"1":{"start":{"line":2,"column":0},"end":{"line":2,"column":0}},"2":{"start":{"line":3,"column":0},"end":{"line":3,"column":53}},"3":{"start":{"line":4,"column":0},"end":{"line":4,"column":46}},"4":{"start":{"line":5,"column":0},"end":{"line":5,"column":0}},"5":{"start":{"line":6,"column":0},"end":{"line":6,"column":17}},"6":{"start":{"line":7,"column":0},"end":{"line":7,"column":19}},"7":{"start":{"line":8,"column":0},"end":{"line":8,"column":1}},"8":{"start":{"line":9,"column":0},"end":{"line":9,"column":0}},"9":{"start":{"line":10,"column":0},"end":{"line":10,"column":3}},"10":{"start":{"line":11,"column":0},"end":{"line":11,"column":72}},"11":{"start":{"line":12,"column":0},"end":{"line":12,"column":72}},"12":{"start":{"line":13,"column":0},"end":{"line":13,"column":76}},"13":{"start":{"line":14,"column":0},"end":{"line":14,"column":70}},"14":{"start":{"line":15,"column":0},"end":{"line":15,"column":3}},"15":{"start":{"line":16,"column":0},"end":{"line":16,"column":50}},"16":{"start":{"line":17,"column":0},"end":{"line":17,"column":70}},"17":{"start":{"line":18,"column":0},"end":{"line":18,"column":50}},"18":{"start":{"line":19,"column":0},"end":{"line":19,"column":0}},"19":{"start":{"line":20,"column":0},"end":{"line":20,"column":10}},"20":{"start":{"line":21,"column":0},"end":{"line":21,"column":165}},"21":{"start":{"line":22,"column":0},"end":{"line":22,"column":56}},"22":{"start":{"line":23,"column":0},"end":{"line":23,"column":71}},"23":{"start":{"line":24,"column":0},"end":{"line":24,"column":94}},"24":{"start":{"line":25,"column":0},"end":{"line":25,"column":24}},"25":{"start":{"line":26,"column":0},"end":{"line":26,"column":15}},"26":{"start":{"line":27,"column":0},"end":{"line":27,"column":13}},"27":{"start":{"line":28,"column":0},"end":{"line":28,"column":0}},"28":{"start":{"line":29,"column":0},"end":{"line":29,"column":50}},"29":{"start":{"line":30,"column":0},"end":{"line":30,"column":24}},"30":{"start":{"line":31,"column":0},"end":{"line":31,"column":63}},"31":{"start":{"line":32,"column":0},"end":{"line":32,"column":13}},"32":{"start":{"line":33,"column":0},"end":{"line":33,"column":0}},"33":{"start":{"line":34,"column":0},"end":{"line":34,"column":67}},"34":{"start":{"line":35,"column":0},"end":{"line":35,"column":82}},"35":{"start":{"line":36,"column":0},"end":{"line":36,"column":13}},"36":{"start":{"line":37,"column":0},"end":{"line":37,"column":0}},"37":{"start":{"line":38,"column":0},"end":{"line":38,"column":94}},"38":{"start":{"line":39,"column":0},"end":{"line":39,"column":0}},"39":{"start":{"line":40,"column":0},"end":{"line":40,"column":99}},"40":{"start":{"line":41,"column":0},"end":{"line":41,"column":0}},"41":{"start":{"line":42,"column":0},"end":{"line":42,"column":49}},"42":{"start":{"line":43,"column":0},"end":{"line":43,"column":70}},"43":{"start":{"line":44,"column":0},"end":{"line":44,"column":13}},"44":{"start":{"line":45,"column":0},"end":{"line":45,"column":10}},"45":{"start":{"line":46,"column":0},"end":{"line":46,"column":4}},"46":{"start":{"line":47,"column":0},"end":{"line":47,"column":1}}},"s":{"0":1,"1":1,"2":1,"3":1,"4":1,"5":1,"6":1,"7":1,"8":1,"9":1,"10":1,"11":1,"12":1,"13":1,"14":1,"15":1,"16":40,"17":40,"18":40,"19":40,"20":40,"21":40,"22":40,"23":40,"24":40,"25":40,"26":40,"27":40,"28":40,"29":40,"30":40,"31":40,"32":40,"33":40,"34":40,"35":40,"36":40,"37":40,"38":40,"39":40,"40":40,"41":40,"42":40,"43":40,"44":40,"45":40,"46":40},"branchMap":{"0":{"type":"branch","line":16,"loc":{"start":{"line":16,"column":15},"end":{"line":47,"column":1}},"locations":[{"start":{"line":16,"column":15},"end":{"line":47,"column":1}}]},"1":{"type":"branch","line":17,"loc":{"start":{"line":17,"column":45},"end":{"line":17,"column":69}},"locations":[{"start":{"line":17,"column":45},"end":{"line":17,"column":69}}]},"2":{"type":"branch","line":24,"loc":{"start":{"line":24,"column":62},"end":{"line":24,"column":71}},"locations":[{"start":{"line":24,"column":62},"end":{"line":24,"column":71}}]},"3":{"type":"branch","line":24,"loc":{"start":{"line":24,"column":71},"end":{"line":24,"column":92}},"locations":[{"start":{"line":24,"column":71},"end":{"line":24,"column":92}}]},"4":{"type":"branch","line":38,"loc":{"start":{"line":38,"column":48},"end":{"line":38,"column":57}},"locations":[{"start":{"line":38,"column":48},"end":{"line":38,"column":57}}]},"5":{"type":"branch","line":38,"loc":{"start":{"line":38,"column":57},"end":{"line":38,"column":78}},"locations":[{"start":{"line":38,"column":57},"end":{"line":38,"column":78}}]}},"b":{"0":[40],"1":[0],"2":[20],"3":[20],"4":[20],"5":[20]},"fnMap":{"0":{"name":"ZoneRow","decl":{"start":{"line":16,"column":15},"end":{"line":47,"column":1}},"loc":{"start":{"line":16,"column":15},"end":{"line":47,"column":1}},"line":16}},"f":{"0":40}}
,"/Users/noname/Documents/Misc/crowd-flow-optimiser/frontend/components/congestion.ts": {"path":"/Users/noname/Documents/Misc/crowd-flow-optimiser/frontend/components/congestion.ts","all":false,"statementMap":{"0":{"start":{"line":1,"column":0},"end":{"line":1,"column":13}},"1":{"start":{"line":2,"column":0},"end":{"line":2,"column":0}},"2":{"start":{"line":3,"column":0},"end":{"line":3,"column":64}},"3":{"start":{"line":4,"column":0},"end":{"line":4,"column":0}},"4":{"start":{"line":5,"column":0},"end":{"line":5,"column":86}},"5":{"start":{"line":6,"column":0},"end":{"line":6,"column":69}},"6":{"start":{"line":7,"column":0},"end":{"line":7,"column":37}},"7":{"start":{"line":8,"column":0},"end":{"line":8,"column":29}},"8":{"start":{"line":9,"column":0},"end":{"line":9,"column":37}},"9":{"start":{"line":10,"column":0},"end":{"line":10,"column":35}},"10":{"start":{"line":11,"column":0},"end":{"line":11,"column":2}},"11":{"start":{"line":12,"column":0},"end":{"line":12,"column":0}},"12":{"start":{"line":13,"column":0},"end":{"line":13,"column":77}},"13":{"start":{"line":14,"column":0},"end":{"line":14,"column":59}},"14":{"start":{"line":15,"column":0},"end":{"line":15,"column":28}},"15":{"start":{"line":16,"column":0},"end":{"line":16,"column":26}},"16":{"start":{"line":17,"column":0},"end":{"line":17,"column":28}},"17":{"start":{"line":18,"column":0},"end":{"line":18,"column":23}},"18":{"start":{"line":19,"column":0},"end":{"line":19,"column":2}},"19":{"start":{"line":20,"column":0},"end":{"line":20,"column":0}},"20":{"start":{"line":21,"column":0},"end":{"line":21,"column":58}},"21":{"start":{"line":22,"column":0},"end":{"line":22,"column":9}},"22":{"start":{"line":23,"column":0},"end":{"line":23,"column":14}},"23":{"start":{"line":24,"column":0},"end":{"line":24,"column":10}},"24":{"start":{"line":25,"column":0},"end":{"line":25,"column":14}},"25":{"start":{"line":26,"column":0},"end":{"line":26,"column":2}},"26":{"start":{"line":27,"column":0},"end":{"line":27,"column":0}},"27":{"start":{"line":28,"column":0},"end":{"line":28,"column":34}},"28":{"start":{"line":29,"column":0},"end":{"line":29,"column":28}},"29":{"start":{"line":30,"column":0},"end":{"line":30,"column":15}},"30":{"start":{"line":31,"column":0},"end":{"line":31,"column":22}},"31":{"start":{"line":32,"column":0},"end":{"line":32,"column":14}},"32":{"start":{"line":33,"column":0},"end":{"line":33,"column":19}},"33":{"start":{"line":34,"column":0},"end":{"line":34,"column":14}},"34":{"start":{"line":35,"column":0},"end":{"line":35,"column":69}},"35":{"start":{"line":36,"column":0},"end":{"line":36,"column":17}},"36":{"start":{"line":37,"column":0},"end":{"line":37,"column":53}},"37":{"start":{"line":38,"column":0},"end":{"line":38,"column":21}},"38":{"start":{"line":39,"column":0},"end":{"line":39,"column":1}},"39":{"start":{"line":40,"column":0},"end":{"line":40,"column":0}},"40":{"start":{"line":41,"column":0},"end":{"line":41,"column":3}},"41":{"start":{"line":42,"column":0},"end":{"line":42,"column":75}},"42":{"start":{"line":43,"column":0},"end":{"line":43,"column":76}},"43":{"start":{"line":44,"column":0},"end":{"line":44,"column":62}},"44":{"start":{"line":45,"column":0},"end":{"line":45,"column":3}},"45":{"start":{"line":46,"column":0},"end":{"line":46,"column":70}},"46":{"start":{"line":47,"column":0},"end":{"line":47,"column":8}},"47":{"start":{"line":48,"column":0},"end":{"line":48,"column":27}},"48":{"start":{"line":49,"column":0},"end":{"line":49,"column":24}},"49":{"start":{"line":50,"column":0},"end":{"line":50,"column":39}},"50":{"start":{"line":51,"column":0},"end":{"line":51,"column":26}},"51":{"start":{"line":52,"column":0},"end":{"line":52,"column":21}},"52":{"start":{"line":53,"column":0},"end":{"line":53,"column":4}},"53":{"start":{"line":54,"column":0},"end":{"line":54,"column":13}},"54":{"start":{"line":55,"column":0},"end":{"line":55,"column":27}},"55":{"start":{"line":56,"column":0},"end":{"line":56,"column":24}},"56":{"start":{"line":57,"column":0},"end":{"line":57,"column":39}},"57":{"start":{"line":58,"column":0},"end":{"line":58,"column":26}},"58":{"start":{"line":59,"column":0},"end":{"line":59,"column":21}},"59":{"start":{"line":60,"column":0},"end":{"line":60,"column":4}},"60":{"start":{"line":61,"column":0},"end":{"line":61,"column":9}},"61":{"start":{"line":62,"column":0},"end":{"line":62,"column":28}},"62":{"start":{"line":63,"column":0},"end":{"line":63,"column":25}},"63":{"start":{"line":64,"column":0},"end":{"line":64,"column":41}},"64":{"start":{"line":65,"column":0},"end":{"lin
[...]
ne":37,"column":52}},"37":{"start":{"line":38,"column":0},"end":{"line":38,"column":34}},"38":{"start":{"line":39,"column":0},"end":{"line":39,"column":5}},"39":{"start":{"line":40,"column":0},"end":{"line":40,"column":80}},"40":{"start":{"line":41,"column":0},"end":{"line":41,"column":44}},"41":{"start":{"line":42,"column":0},"end":{"line":42,"column":1}},"42":{"start":{"line":43,"column":0},"end":{"line":43,"column":0}},"43":{"start":{"line":44,"column":0},"end":{"line":44,"column":26}},"44":{"start":{"line":45,"column":0},"end":{"line":45,"column":36}},"45":{"start":{"line":46,"column":0},"end":{"line":46,"column":46}},"46":{"start":{"line":47,"column":0},"end":{"line":47,"column":22}},"47":{"start":{"line":48,"column":0},"end":{"line":48,"column":23}},"48":{"start":{"line":49,"column":0},"end":{"line":49,"column":1}},"49":{"start":{"line":50,"column":0},"end":{"line":50,"column":0}},"50":{"start":{"line":51,"column":0},"end":{"line":51,"column":3}},"51":{"start":{"line":52,"column":0},"end":{"line":52,"column":69}},"52":{"start":{"line":53,"column":0},"end":{"line":53,"column":76}},"53":{"start":{"line":54,"column":0},"end":{"line":54,"column":76}},"54":{"start":{"line":55,"column":0},"end":{"line":55,"column":3}},"55":{"start":{"line":56,"column":0},"end":{"line":56,"column":69}},"56":{"start":{"line":57,"column":0},"end":{"line":57,"column":21}},"57":{"start":{"line":58,"column":0},"end":{"line":58,"column":34}},"58":{"start":{"line":59,"column":0},"end":{"line":59,"column":66}},"59":{"start":{"line":60,"column":0},"end":{"line":60,"column":62}},"60":{"start":{"line":61,"column":0},"end":{"line":61,"column":63}},"61":{"start":{"line":62,"column":0},"end":{"line":62,"column":28}},"62":{"start":{"line":63,"column":0},"end":{"line":63,"column":0}},"63":{"start":{"line":64,"column":0},"end":{"line":64,"column":25}},"64":{"start":{"line":65,"column":0},"end":{"line":65,"column":46}},"65":{"start":{"line":66,"column":0},"end":{"line":66,"column":23}},"66":{"start":{"line":67,"column":0},"end":{"line":67,"column":28}},"67":{"start":{"line":68,"column":0},"end":{"line":68,"column":26}},"68":{"start":{"line":69,"column":0},"end":{"line":69,"column":37}},"69":{"start":{"line":70,"column":0},"end":{"line":70,"column":48}},"70":{"start":{"line":71,"column":0},"end":{"line":71,"column":53}},"71":{"start":{"line":72,"column":0},"end":{"line":72,"column":60}},"72":{"start":{"line":73,"column":0},"end":{"line":73,"column":9}},"73":{"start":{"line":74,"column":0},"end":{"line":74,"column":16}},"74":{"start":{"line":75,"column":0},"end":{"line":75,"column":6}},"75":{"start":{"line":76,"column":0},"end":{"line":76,"column":27}},"76":{"start":{"line":77,"column":0},"end":{"line":77,"column":11}},"77":{"start":{"line":78,"column":0},"end":{"line":78,"column":52}},"78":{"start":{"line":79,"column":0},"end":{"line":79,"column":37}},"79":{"start":{"line":80,"column":0},"end":{"line":80,"column":53}},"80":{"start":{"line":81,"column":0},"end":{"line":81,"column":17}},"81":{"start":{"line":82,"column":0},"end":{"line":82,"column":9}},"82":{"start":{"line":83,"column":0},"end":{"line":83,"column":45}},"83":{"start":{"line":84,"column":0},"end":{"line":84,"column":64}},"84":{"start":{"line":85,"column":0},"end":{"line":85,"column":16}},"85":{"start":{"line":86,"column":0},"end":{"line":86,"column":54}},"86":{"start":{"line":87,"column":0},"end":{"line":87,"column":9}},"87":{"start":{"line":88,"column":0},"end":{"line":88,"column":15}},"88":{"start":{"line":89,"column":0},"end":{"line":89,"column":34}},"89":{"start":{"line":90,"column":0},"end":{"line":90,"column":7}},"90":{"start":{"line":91,"column":0},"end":{"line":91,"column":6}},"91":{"start":{"line":92,"column":0},"end":{"line":92,"column":44}},"92":{"start":{"line":93,"column":0},"end":{"line":93,"column":24}},"93":{"start":{"line":94,"column":0},"end":{"line":94,"column":46}},"94":{"start":{"line":95,"column":0},"end":{"line":95,"column":49}},"95":{"start":{"line":96,"column":0},"end":{"line":96,"column":20}},"96":{"start":{"line":97,"column":0},"end":{"line":97,"column":77}},"97":{"start":{"line":98,"column":0},"end":{"line":98,"column":28}},"98":{"start":{"line":99,"column":0},"end":{"line":99,"column":52}},"99":{"start":{"line":100,"column":0},"end":{"line":100,"column":7}},"100":{"start":{"line":101,"column":0},"end":{"line":101,"column":6}},"101":{"start":{"line":102,"column":0},"end":{"line":102,"column":4}},"102":{"start":{"line":103,"column":0},"end":{"line":103,"column":0}},"103":{"start":{"line":104,"column":0},"end":{"line":104,"column":12}},"104":{"start":{"line":105,"column":0},"end":{"line":105,"column":16}},"105":{"start":{"line":106,"column":0},"end":{"line":106,"column":18}},"106":{"start":{"line":107,"column":0},"end":{"line":107,"column":53}},"107":{"start":{"line":108,"column":0},"end":{"line":108,"column":44}},"108":{"start":{"line":109,"column":0},"end":{"line":109,"column":47}},"109":{"start":{"line":110,"column":0},"end":{"line":110,"column":16}},"110":{"start":{"line":111,"column":0},"end":{"line":111,"column":4}},"111":{"start":{"line":112,"column":0},"end":{"line":112,"column":1}},"112":{"start":{"line":113,"column":0},"end":{"line":113,"column":0}},"113":{"start":{"line":114,"column":0},"end":{"line":114,"column":77}},"114":{"start":{"line":115,"column":0},"end":{"line":115,"column":67}},"115":{"start":{"line":116,"column":0},"end":{"line":116,"column":58}},"116":{"start":{"line":117,"column":0},"end":{"line":117,"column":65}},"117":{"start":{"line":118,"column":0},"end":{"line":118,"column":38}},"118":{"start":{"line":119,"column":0},"end":{"line":119,"column":11}},"119":{"start":{"line":120,"column":0},"end":{"line":120,"column":53}},"120":{"start":{"line":121,"column":0},"end":{"line":121,"column":15}},"121":{"start":{"line":122,"column":0},"end":{"line":122,"column":34}},"122":{"start":{"line":123,"column":0},"end":{"line":123,"column":7}},"123":{"start":{"line":124,"column":0},"end":{"line":124,"column":7}},"124":{"start":{"line":125,"column":0},"end":{"line":125,"column":4}},"125":{"start":{"line":126,"column":0},"end":{"line":126,"column":58}},"126":{"start":{"line":127,"column":0},"end":{"line":127,"column":60}},"127":{"start":{"line":128,"column":0},"end":{"line":128,"column":74}},"128":{"start":{"line":129,"column":0},"end":{"line":129,"column":42}},"129":{"start":{"line":130,"column":0},"end":{"line":130,"column":26}},"130":{"start":{"line":131,"column":0},"end":{"line":131,"column":1}}},"s":{"0":1,"1":1,"2":1,"3":1,"4":1,"5":1,"6":8,"7":8,"8":8,"9":8,"10":8,"11":8,"12":8,"13":8,"14":1,"15":1,"16":2,"17":2,"18":1,"19":1,"20":1,"21":1,"22":1,"23":2,"24":2,"25":1,"26":1,"27":1,"28":1,"29":1,"30":2,"31":2,"32":2,"33":2,"34":2,"35":2,"36":2,"37":2,"38":2,"39":2,"40":1,"41":1,"42":1,"43":1,"44":1,"45":1,"46":1,"47":1,"48":1,"49":1,"50":1,"51":1,"52":1,"53":1,"54":1,"55":1,"56":10,"57":10,"58":10,"59":10,"60":10,"61":10,"62":10,"63":10,"64":27,"65":27,"66":5,"67":5,"68":5,"69":2,"70":2,"71":2,"72":2,"73":5,"74":5,"75":27,"76":4,"77":4,"78":4,"79":1,"80":1,"81":1,"82":4,"83":1,"84":1,"85":1,"86":1,"87":4,"88":1,"89":1,"90":4,"91":27,"92":27,"93":28,"94":28,"95":28,"96":18,"97":18,"98":18,"99":18,"100":28,"101":27,"102":10,"103":10,"104":10,"105":10,"106":10,"107":10,"108":10,"109":10,"110":10,"111":10,"112":1,"113":1,"114":1,"115":1,"116":1,"117":3,"118":4,"119":4,"120":4,"121":1,"122":1,"123":4,"124":3,"125":1,"126":1,"127":1,"128":1,"129":1,"130":1},"branchMap":{"0":{"type":"branch","line":6,"loc":{"start":{"line":6,"column":7},"end":{"line":14,"column":1}},"locations":[{"start":{"line":6,"column":7},"end":{"line":14,"column":1}}]},"1":{"type":"branch","line":8,"loc":{"start":{"line":8,"column":24},"end":{"line":8,"column":50}},"locations":[{"start":{"line":8,"column":24},"end":{"line":8,"column":50}}]},"2":{"type":"branch","line":16,"loc":{"start":{"line":16,"column":7},"end":{"line":21,"column":1}},"locations":[{"start":{"line":16,"column":7},"end":{"line":21,"column":1}}]},"3":{"type":"branch","line":18,"loc":{"start":{"line":18,"column":15},"end":{"line":21,"column":1}},"locations":[{"start":{"line":18,"column":15},"end":{"line":21,"column":1}}]},"4":{"type":"branch","line":23,"loc":{"start":{"line":23,"column":7},"end":{"line":28,"column":1}},"locations":[{"start":{"line":23,"column":7},"end":{"line":28,"column":1}}]},"5":{"type":"branch","line":25,"loc":{"start":{"line":25,"column":15},"end":{"line":28,"column":1}},"locations":[{"start":{"line":25,"column":15},"end":{"line":28,"column":1}}]},"6":{"type":"branch","line":30,"loc":{"start":{"line":30,"column":7},"end":{"line":42,"column":1}},"locations":[{"start":{"line":30,"column":7},"end":{"line":42,"column":1}}]},"7":{"type":"branch","line":40,"loc":{"start":{"line":40,"column":15},"end":{"line":42,"column":1}},"locations":[{"start":{"line":40,"column":15},"end":{"line":42,"column":1}}]},"8":{"type":"branch","line":56,"loc":{"start":{"line":56,"column":7},"end":{"line":112,"column":1}},"locations":[{"start":{"line":56,"column":7},"end":{"line":112,"column":1}}]},"9":{"type":"branch","line":64,"loc":{"start":{"line":64,"column":18},"end":{"line":102,"column":4}},"locations":[{"start":{"line":64,"column":18},"end":{"line":102,"column":4}}]},"10":{"type":"branch","line":66,"loc":{"start":{"line":66,"column":16},"end":{"line":75,"column":6}},"locations":[{"start":{"line":66,"column":16},"end":{"line":75,"column":6}}]},"11":{"type":"branch","line":68,"loc":{"start":{"line":68,"column":21},"end":{"line":68,"column":26}},"locations":[{"start":{"line":68,"column":21},"end":{"line":68,"column":26}}]},"12":{"type":"branch","line":69,"loc":{"start":{"line":69,"column":30},"end":{"line":74,"column":9}},"locations":[{"start":{"line":69,"column":30},"end":{"line":74,"column":9}}]},"13":{"type":"branch","line":72,"loc":{"start":{"line":72,"column":35},"end":{"line":72,"column":54}},"locations":[{"start":{"line":72,"column":35},"end":{"line":72,"column":54}}]},"14":{"type":"branch","line":76,"loc":{"start":{"line":76,"column":19},"end":{"line":91,"column":6}},"locations":[{"start":{"line":76,"column":19},"end":{"line":91,"column":6}}]},"15":{"type":"branch","line":79,"loc":{"start":{"line":79,"column":36},"end":{"line":82,"column":9}},"locations":[{"start":{"line":79,"column":36},"end":{"line":82,"column":9}}]},"16":{"type":"branch","line":82,"loc":{"start":{"line":82,"column":8},"end":{"line":83,"column":44}},"locations":[{"start":{"line":82,"column":8},"end":{"line":83,"column":44}}]},"17":{"type":"branch","line":83,"loc":{"start":{"line":83,"column":44},"end":{"line":87,"column":9}},"locations":[{"start":{"line":83,"column":44},"end":{"line":87,"column":9}}]},"18":{"type":"branch","line":88,"loc":{"start":{"line":88,"column":8},"end":{"line":90,"column":7}},"locations":[{"start":{"line":88,"column":8},"end":{"line":90,"column":7}}]},"19":{"type":"branch","line":92,"loc":{"start":{"line":92,"column":17},"end":{"line":92,"column":44}},"locations":[{"start":{"line":92,"column":17},"end":{"line":92,"column":44}}]},"20":{"type":"branch","line":93,"loc":{"start":{"line":93,"column":17},"end":{"line":101,"column":6}},"locations":[{"start":{"line":93,"column":17},"end":{"line":101,"column":6}}]},"21":{"type":"branch","line":94,"loc":{"start":{"line":94,"column":21},"end":{"line":94,"column":46}},"locations":[{"start":{"line":94,"column":21},"end":{"line":94,"column":46}}]},"22":{"type":"branch","line":95,"loc":{"start":{"line":95,"column":23},"end":{"line":95,"column":49}},"locations":[{"start":{"line":95,"column":23},"end":{"line":95,"column":49}}]},"23":{"type":"branch","line":96,"loc":{"start":{"line":96,"column":19},"end":{"line":100,"column":7}},"locations":[{"start":{"line":96,"column":19},"end":{"line":100,"column":7}}]},"24":{"type":"branch","line":105,"loc":{"start":{"line":105,"column":9},"end":{"line":111,"column":4}},"locations":[{"start":{"line":105,"column":9},"end":{"line":111,"column":4}}]},"25":{"type":"branch","line":107,"loc":{"start":{"line":107,"column":24},"end":{"line":107,"column":53}},"locations":[{"start":{"line":107,"column":24},"end":{"line":107,"column":53}}]},"26":{"type":"branch","line":108,"loc":{"start":{"line":108,"column":19},"end":{"line":108,"column":44}},"locations":[{"start":{"line":108,"column":19},"end":{"line":108,"column":44}}]},"27":{"type":"branch","line":109,"loc":{"start":{"line":109,"column":21},"end":{"line":109,"column":47}},"locations":[{"start":{"line":109,"column":21},"end":{"line":109,"column":47}}]},"28":{"type":"branch","line":115,"loc":{"start":{"line":115,"column":7},"end":{"line":131,"column":1}},"locations":[{"start":{"line":115,"column":7},"end":{"line":131,"column":1}}]},"29":{"type":"branch","line":117,"loc":{"start":{"line":117,"column":13},"end":{"line":125,"column":4}},"locations":[{"start":{"line":117,"column":13},"end":{"line":125,"column":4}}]},"30":{"type":"branch","line":118,"loc":{"start":{"line":118,"column":30},"end":{"line":124,"column":7}},"locations":[{"start":{"line":118,"column":30},"end":{"line":124,"column":7}}]},"31":{"type":"branch","line":121,"loc":{"start":{"line":121,"column":8},"end":{"line":123,"column":7}},"locations":[{"start":{"line":121,"column":8},"end":{"line":123,"column":7}}]},"32":{"type":"branch","line":126,"loc":{"start":{"line":126,"column":15},"end":{"line":126,"column":58}},"locations":[{"start":{"line":126,"column":15},"end":{"line":126,"column":58}}]},"33":{"type":"branch","line":127,"loc":{"start":{"line":127,"column":17},"end":{"line":127,"column":60}},"locations":[{"start":{"line":127,"column":17},"end":{"line":127,"column":60}}]},"34":{"type":"branch","line":128,"loc":{"start":{"line":128,"column":21},"end":{"line":128,"column":74}},"locations":[{"start":{"line":128,"column":21},"end":{"line":128,"column":74}}]},"35":{"type":"branch","line":129,"loc":{"start":{"line":129,"column":15},"end":{"line":129,"column":42}},"locations":[{"start":{"line":129,"column":15},"end":{"line":129,"column":42}}]},"36":{"type":"branch","line":130,"loc":{"start":{"line":130,"column":9},"end":{"line":130,"column":26}},"locations":[{"start":{"line":130,"column":9},"end":{"line":130,"column":26}}]}},"b":{"0":[8],"1":[1],"2":[2],"3":[1],"4":[2],"5":[1],"6":[2],"7":[1],"8":[10],"9":[27],"10":[5],"11":[2],"12":[2],"13":[1],"14":[4],"15":[1],"16":[2],"17":[1],"18":[1],"19":[1],"20":[28],"21":[7],"22":[3],"23":[18],"24":[10],"25":[4],"26":[5],"27":[2],"28":[1],"29":[3],"30":[4],"31":[1],"32":[1],"33":[1],"34":[1],"35":[1],"36":[1]},"fnMap":{"0":{"name":"fetchWithTimeout","decl":{"start":{"line":6,"column":7},"end":{"line":14,"column":1}},"loc":{"start":{"line":6,"column":7},"end":{"line":14,"column":1}},"line":6},"1":{"name":"fetchZones","decl":{"start":{"line":16,"column":7},"end":{"line":21,"column":1}},"loc":{"start":{"line":16,"column":7},"end":{"line":21,"column":1}},"line":16},"2":{"name":"fetchInterventions","decl":{"start":{"line":23,"column":7},"end":{"line":28,"column":1}},"loc":{"start":{"line":23,"column":7},"end":{"line":28,"column":1}},"line":23},"3":{"name":"applyIntervention","decl":{"start":{"line":30,"column":7},"end":{"line":42,"column":1}},"loc":{"start":{"line":30,"column":7},"end":{"line":42,"column":1}},"line":30},"4":{"name":"streamZonesWS","decl":{"start":{"line":56,"column":7},"end":{"line":112,"column":1}},"loc":{"start":{"line":56,"column":7},"end":{"line":112,"column":1}},"line":56},"5":{"name":"connect","decl":{"start":{"line":64,"column":18},"end":{"line":102,"column":4}},"loc":{"start":{"line":64,"column":18},"end":{"line":102,"column":4}},"line":64},"6":{"name":"ws.onopen","decl":{"start":{"line":66,"column":16},"end":{"line":75,"column":6}},"loc":{"start":{"line":66,"column":16},"end":{"line":75,"column":6}},"line":66},"7":{"name":"ws.onmessage","decl":{"start":{"line":76,"column":19},"end":{"line":91,"column":6}},"loc":{"start":{"line":76,"column":19},"end":{"line":91,"column":6}},"line":76},"8":{"name":"ws.onerror","decl":{"start":{"line":92,"column":17},"end":{"line":92,"column":44}},"loc":{"start":{"line":92,"column":17},"end":{"line":92,"column":44}},"line":92},"9":{"name":"ws.onclose","decl":{"start":{"line":93,"column":17},"end":{"line":101,"column":6}},"loc":{"start":{"line":93,"column":17},"end":{"line":101,"column":6}},"line":93},"10":{"name":"streamZones","decl":{"start":{"line":115,"column":7},"end":{"line":131,"column":1}},"loc":{"start":{"line":115,"column":7},"end":{"line":131,"column":1}},"line":115},"11":{"name":"on","decl":{"start":{"line":117,"column":13},"end":{"line":125,"column":4}},"loc":{"start":{"line":117,"column":13},"end":{"line":125,"column":4}},"line":117},"12":{"name":"es.onerror","decl":{"start":{"line":129,"column":15},"end":{"line":129,"column":42}},"loc":{"start":{"line":129,"column":15},"end":{"line":129,"column":42}},"line":129}},"f":{"0":8,"1":2,"2":2,"3":2,"4":10,"5":27,"6":5,"7":4,"8":1,"9":28,"10":1,"11":3,"12":1}}
,"/Users/noname/Documents/Misc/crowd-flow-optimiser/frontend/lib/types.ts": {"path":"/Users/noname/Documents/Misc/crowd-flow-optimiser/frontend/lib/types.ts","all":true,"statementMap":{"0":{"start":{"line":1,"column":0},"end":{"line":1,"column":66}},"1":{"start":{"line":2,"column":0},"end":{"line":2,"column":0}},"2":{"start":{"line":3,"column":0},"end":{"line":3,"column":29}},"3":{"start":{"line":4,"column":0},"end":{"line":4,"column":18}},"4":{"start":{"line":5,"column":0},"end":{"line":5,"column":19}},"5":{"start":{"line":6,"column":0},"end":{"line":6,"column":18}},"6":{"start":{"line":7,"column":0},"end":{"line":7,"column":20}},"7":{"start":{"line":8,"column":0},"end":{"line":8,"column":25}},"8":{"start":{"line":9,"column":0},"end":{"line":9,"column":22}},"9":{"start":{"line":10,"column":0},"end":{"line":10,"column":23}},"10":{"start":{"line":11,"column":0},"end":{"line":11,"column":20}},"11":{"start":{"line":12,"column":0},"end":{"line":12,"column":1}},"12":{"start":{"line":13,"column":0},"end":{"line":13,"column":0}},"13":{"start":{"line":14,"column":0},"end":{"line":14,"column":30}},"14":{"start":{"line":15,"column":0},"end":{"line":15,"column":21}},"15":{"start":{"line":16,"column":0},"end":{"line":16,"column":17}},"16":{"start":{"line":17,"column":0},"end":{"line":17,"column":21}},"17":{"start":{"line":18,"column":0},"end":{"line":18,"column":21}},"18":{"start":{"line":19,"column":0},"end":{"line":19,"column":0}},"19":{"start":{"line":20,"column":0},"end":{"line":20,"column":31}},"20":{"start":{"line":21,"column":0},"end":{"line":21,"column":13}},"21":{"start":{"line":22,"column":0},"end":{"line":22,"column":18}},"22":{"start":{"line":23,"column":0},"end":{"line":23,"column":25}},"23":{"start":{"line":24,"column":0},"end":{"line":24,"column":18}},"24":{"start":{"line":25,"column":0},"end":{"line":25,"column":19}},"25":{"start":{"line":26,"column":0},"end":{"line":26,"column":23}},"26":{"start":{"line":27,"column":0},"end":{"line":27,"column":21}},"27":{"start":{"line":28,"column":0},"end":{"line":28,"column":1}},"28":{"start":{"line":29,"column":0},"end":{"line":29,"column":0}},"29":{"start":{"line":30,"column":0},"end":{"line":30,"column":87}},"30":{"start":{"line":31,"column":0},"end":{"line":31,"column":21}},"31":{"start":{"line":32,"column":0},"end":{"line":32,"column":41}},"32":{"start":{"line":33,"column":0},"end":{"line":33,"column":49}},"33":{"start":{"line":34,"column":0},"end":{"line":34,"column":22}}},"s":{"0":0,"1":0,"2":0,"3":0,"4":0,"5":0,"6":0,"7":0,"8":0,"9":0,"10":0,"11":0,"12":0,"13":0,"14":0,"15":0,"16":0,"17":0,"18":0,"19":0,"20":0,"21":0,"22":0,"23":0,"24":0,"25":0,"26":0,"27":0,"28":0,"29":0,"30":0,"31":0,"32":0,"33":0},"branchMap":{"0":{"type":"branch","line":1,"loc":{"start":{"line":1,"column":0},"end":{"line":34,"column":22}},"locations":[{"start":{"line":1,"column":0},"end":{"line":34,"column":22}}]}},"b":{"0":[0]},"fnMap":{"0":{"name":"(empty-report)","decl":{"start":{"line":1,"column":0},"end":{"line":34,"column":22}},"loc":{"start":{"line":1,"column":0},"end":{"line":34,"column":22}},"line":1}},"f":{"0":0}}
}
