TN:
SF:app/layout.tsx
FN:9,RootLayout
FNF:1
FNH:1
FNDA:1,RootLayout
DA:1,1
DA:2,1
DA:3,1
DA:4,1
DA:5,1
DA:6,1
DA:7,1
DA:8,1
DA:9,1
DA:10,1
DA:11,1
DA:12,1
DA:13,1
DA:14,1
DA:15,1
LF:15
LH:15
BRDA:9,0,0,1
BRF:1
BRH:1
end_of_record
TN:
SF:app/page.tsx
FN:10,Page
FNF:1
FNH:1
FNDA:1,Page
DA:1,1
DA:2,1
DA:3,1
DA:4,1
DA:5,1
DA:6,1
DA:7,1
DA:8,1
DA:9,1
DA:10,1
DA:11,1
DA:12,1
LF:12
LH:12
BRDA:10,0,0,1
BRF:1
BRH:1
end_of_record
TN:
SF:app/operate/page.tsx
FN:30,Operate
FN:60,onMetric
FN:64,onIntervention
FN:68,onOpen
FN:78,onError
FNF:5
FNH:5
FNDA:25,Operate
FNDA:2,onMetric
FNDA:1,onIntervention
FNDA:1,onOpen
FNDA:1,onError
DA:1,1
DA:2,1
DA:3,1
DA:4,1
DA:5,1
DA:6,1
DA:7,1
DA:8,1
DA:9,1
DA:10,1
DA:11,1
DA:12,1
DA:13,1
DA:14,1
DA:15,1
DA:16,1
DA:17,1
DA:18,1
DA:19,1
DA:20,1
DA:21,1
DA:22,1
DA:23,1
DA:24,1
DA:25,1
DA:26,1
DA:27,1
DA:28,1
DA:29,1
DA:30,1
DA:31,25
DA:32,25
DA:33,25
DA:34,25
DA:35,25
DA:36,25
DA:37,25
DA:38,25
DA:39,25
DA:40,8
DA:41,8
DA:42,8
DA:43,8
DA:44,8
DA:45,8
DA:46,7
DA:47,7
DA:48,8
DA:49,8
DA:50,8
DA:51,8
DA:52,8
DA:53,8
DA:54,8
DA:55,8
DA:56,8
DA:57,8
DA:58,8
DA:59,8
DA:60,8
DA:61,2
DA:62,2
DA:63,2
DA:64,8
DA:65,1
DA:66,1
DA:67,8
DA:68,8
DA:69,1
DA:70,1
DA:71,1
DA:72,1
DA:73,1
DA:74,1
DA:75,1
DA:76,1
DA:77,1
DA:78,8
DA:79,1
DA:80,1
DA:81,8
DA:82,8
DA:83,8
DA:84,8
DA:85,8
DA:86,8
DA:87,25
DA:88,25
DA:89,25
DA:90,2
DA:91,2
DA:92,2
DA:93,2
DA:94,25
DA:95,25
DA:96,25
DA:97,25
DA:98,2
DA:99,2
DA:100,2
DA:101,2
DA:102,2
DA:103,2
DA:104,2
DA:105,1
DA:106,1
DA:107,1
DA:108,1
DA:109,2
DA:110,2
DA:111,2
DA:112,2
DA:113,25
DA:114,25
DA:115,25
DA:116,25
DA:117,25
DA:118,17
DA:119,17
DA:120,9
DA:121,18
DA:122,18
DA:123,18
DA:124,18
DA:125,18
DA:126,25
DA:127,25
DA:128,25
DA:129,25
DA:130,25
DA:131,25
DA:132,25
DA:133,25
DA:134,25
DA:135,25
DA:136,25
DA:137,25
DA:138,25
DA:139,25
DA:140,25
DA:141,17
DA:142,17
DA:143,25
DA:144,25
DA:145,25
DA:146,25
DA:147,25
DA:148,25
DA:149,25
DA:150,25
DA:151,25
DA:152,25
DA:153,25
DA:154,25
DA:155,25
DA:156,25
DA:157,25
DA:158,25
DA:159,25
DA:160,25
DA:161,25
DA:162,25
DA:163,25
DA:164,25
DA:165,25
DA:166,1
DA:167,1
DA:168,25
DA:169,25
DA:170,25
DA:171,25
DA:172,25
DA:173,25
DA:174,25
DA:175,25
DA:176,25
DA:177,25
DA:178,17
DA:179,17
DA:180,25
DA:181,25
DA:182,25
DA:183,25
DA:184,25
DA:185,25
DA:186,25
DA:187,25
DA:188,25
DA:189,25
DA:190,25
DA:191,25
DA:192,25
DA:193,25
DA:194,25
DA:195,25
DA:196,25
DA:197,25
DA:198,25
DA:199,25
DA:200,25
DA:201,25
DA:202,25
DA:203,25
DA:204,25
DA:205,25
DA:206,25
DA:207,25
DA:208,25
DA:209,25
DA:210,25
DA:211,25
DA:212,25
DA:213,25
LF:213
LH:213
BRDA:30,0,0,25
BRDA:165,1,0,1
BRDA:166,2,0,1
BRDA:177,3,0,17
BRDA:39,4,0,8
BRDA:44,5,0,8
BRDA:45,6,0,7
BRDA:46,7,0,21
BRDA:52,8,0,8
BRDA:53,9,0,7
BRDA:60,10,0,2
BRDA:62,11,0,2
BRDA:64,12,0,1
BRDA:65,13,0,1
BRDA:66,14,0,0
BRDA:66,15,0,1
BRDA:68,16,0,1
BRDA:69,17,0,0
BRDA:73,18,0,1
BRDA:78,19,0,1
BRDA:83,20,0,8
BRDA:89,21,0,2
BRDA:92,22,0,0
BRDA:93,23,0,1
BRDA:97,24,0,2
BRDA:104,25,0,1
BRDA:105,26,0,1
BRDA:117,27,0,17
BRDA:119,28,0,8
BRDA:119,29,0,9
BRDA:120,30,0,18
BRDA:121,31,0,0
BRDA:122,32,0,0
BRDA:123,33,0,17
BRDA:123,34,0,8
BRDA:123,35,0,9
BRDA:123,36,0,1
BRDA:124,37,0,0
BRDA:124,38,0,1
BRDA:134,39,0,19
BRDA:134,40,0,11
BRDA:134,41,0,1
BRDA:134,42,0,8
BRDA:134,43,0,12
BRDA:140,44,0,17
BRDA:141,45,0,153
BRDA:142,46,0,153
BRDA:142,47,0,27
BRDA:148,48,0,17
BRDA:148,49,0,153
BRDA:148,50,0,153
BRDA:200,51,0,34
BRF:52
BRH:46
end_of_record
TN:
SF:components/InterventionLog.tsx
FN:9,InterventionLog
FNF:1
FNH:1
FNDA:30,InterventionLog
DA:1,1
DA:2,1
DA:3,1
DA:4,1
DA:5,1
DA:6,1
DA:7,1
DA:8,1
DA:9,1
DA:10,30
DA:11,30
DA:12,30
DA:13,30
DA:14,30
DA:15,30
DA:16,30
DA:17,30
DA:18,30
DA:19,30
DA:20,30
DA:21,30
DA:22,30
DA:23,30
DA:24,30
DA:25,30
DA:26,30
DA:27,30
DA:28,30
DA:29,30
DA:30,76
DA:31,76
DA:32,30
DA:33,30
DA:34,1
DA:35,75
DA:36,30
DA:37,30
DA:38,30
DA:39,30
DA:40,30
DA:41,30
DA:42,30
DA:43,30
DA:44,30
DA:45,30
DA:46,30
DA:47,30
DA:48,30
DA:49,30
DA:50,30
DA:51,30
DA:52,30
DA:53,1
DA:54,1
DA:55,30
DA:56,30
DA:57,30
DA:58,30
DA:59,30
DA:60,30
DA:61,30
DA:62,30
DA:63,30
DA:64,30
DA:65,30
DA:66,30
DA:67,30
DA:68,30
DA:69,30
LF:69
LH:69
BRDA:9,0,0,30
BRDA:29,1,0,76
BRDA:33,2,0,1
BRDA:34,3,0,75
BRDA:36,4,0,21
BRDA:36,5,0,55
BRDA:42,6,0,0
BRDA:50,7,0,0
BRDA:52,8,0,1
BRDA:54,9,0,75
BRF:10
BRH:8
end_of_record
TN:
SF:components/TopBar.tsx
FN:18,TelemetrySource
FN:26,poll
FN:62,TopBar
FN:107,Stat
FNF:4
FNH:4
FNDA:41,TelemetrySource
FNDA:16,poll
FNDA:32,TopBar
FNDA:160,Stat
DA:1,1
DA:2,1
DA:3,1
DA:4,1
DA:5,1
DA:6,1
DA:7,1
DA:8,1
DA:9,1
DA:10,1
DA:11,1
DA:12,1
DA:13,1
DA:14,1
DA:15,1
DA:16,1
DA:17,1
DA:18,41
DA:19,41
DA:20,41
DA:21,41
DA:22,41
DA:23,15
DA:24,15
DA:25,15
DA:26,15
DA:27,16
DA:28,16
DA:29,16
DA:30,15
DA:31,14
DA:32,15
DA:33,15
DA:34,16
DA:35,1
DA:36,1
DA:37,1
DA:38,1
DA:39,1
DA:40,16
DA:41,15
DA:42,15
DA:43,15
DA:44,15
DA:45,15
DA:46,15
DA:47,15
DA:48,41
DA:49,41
DA:50,41
DA:51,41
DA:52,1
DA:53,40
DA:54,41
DA:55,41
DA:56,41
DA:57,41
DA:58,41
DA:59,41
DA:60,41
DA:61,1
DA:62,1
DA:63,32
DA:64,32
DA:65,32
DA:66,32
DA:67,32
DA:68,32
DA:69,32
DA:70,32
DA:71,32
DA:72,32
DA:73,32
DA:74,32
DA:75,32
DA:76,32
DA:77,32
DA:78,32
DA:79,32
DA:80,32
DA:81,32
DA:82,32
DA:83,32
DA:84,32
DA:85,32
DA:86,32
DA:87,32
DA:88,32
DA:89,32
DA:90,32
DA:91,32
DA:92,32
DA:93,32
DA:94,32
DA:95,32
DA:96,32
DA:97,32
DA:98,32
DA:99,32
DA:100,32
DA:101,32
DA:102,32
DA:103,32
DA:104,32
DA:105,32
DA:106,1
DA:107,160
DA:108,160
DA:109,160
DA:110,160
DA:111,160
DA:112,160
DA:113,160
DA:114,160
LF:114
LH:114
BRDA:18,0,0,41
BRDA:51,1,0,24
BRDA:51,2,0,1
BRDA:52,3,0,40
BRDA:22,4,0,15
BRDA:26,5,0,16
BRDA:28,6,0,15
BRDA:28,7,0,0
BRDA:29,8,0,15
BRDA:30,9,0,1
BRDA:30,10,0,14
BRDA:32,11,0,0
BRDA:34,12,0,1
BRDA:44,13,0,15
BRDA:62,14,0,32
BRDA:87,15,0,8
BRDA:87,16,0,24
BRDA:89,17,0,8
BRDA:89,18,0,24
BRDA:90,19,0,8
BRDA:90,20,0,24
BRDA:98,21,0,23
BRDA:98,22,0,9
BRDA:99,23,0,24
BRDA:99,24,0,8
BRDA:64,25,0,79
BRDA:65,26,0,79
BRDA:66,27,0,79
BRDA:67,28,0,79
BRDA:107,29,0,160
BRF:30
BRH:28
end_of_record
TN:
SF:components/ZoneLead.tsx
FN:17,ageAgo
FN:34,ZoneLead
FN:49,handleClick
FNF:3
FNH:3
FNDA:22,ageAgo
FNDA:41,ZoneLead
FNDA:8,handleClick
DA:1,1
DA:2,1
DA:3,1
DA:4,1
DA:5,1
DA:6,1
DA:7,1
DA:8,1
DA:9,1
DA:10,1
DA:11,1
DA:12,1
DA:13,1
DA:14,1
DA:15,1
DA:16,1
DA:17,22
DA:18,22
DA:19,22
DA:20,22
DA:21,1
DA:22,1
DA:23,1
DA:24,1
DA:25,1
DA:26,1
DA:27,1
DA:28,1
DA:29,1
DA:30,1
DA:31,1
DA:32,1
DA:33,1
DA:34,1
DA:35,41
DA:36,41
DA:37,41
DA:38,41
DA:39,41
DA:40,41
DA:41,41
DA:42,41
DA:43,19
DA:44,19
DA:45,19
DA:46,19
DA:47,41
DA:48,41
DA:49,41
DA:50,8
DA:51,8
DA:52,3
DA:53,3
DA:54,3
DA:55,6
DA:56,5
DA:57,5
DA:58,5
DA:59,5
DA:60,8
DA:61,41
DA:62,41
DA:63,41
DA:64,41
DA:65,41
DA:66,41
DA:67,41
DA:68,41
DA:69,41
DA:70,41
DA:71,41
DA:72,41
DA:73,41
DA:74,41
DA:75,41
DA:76,41
DA:77,41
DA:78,41
DA:79,41
DA:80,41
DA:81,41
DA:82,41
DA:83,41
DA:84,41
DA:85,41
DA:86,41
DA:87,41
DA:88,41
DA:89,41
DA:90,41
DA:91,41
DA:92,41
DA:93,41
DA:94,41
DA:95,41
DA:96,41
DA:97,41
DA:98,41
DA:99,41
DA:100,41
DA:101,41
DA:102,41
DA:103,41
DA:104,41
DA:105,41
DA:106,41
DA:107,41
DA:108,41
DA:109,41
DA:110,41
DA:111,41
DA:112,41
DA:113,41
DA:114,41
DA:115,41
DA:116,41
DA:117,41
DA:118,41
DA:119,41
DA:120,41
DA:121,41
DA:122,11
DA:123,30
DA:124,41
DA:125,41
DA:126,41
DA:127,11
DA:128,30
DA:129,41
DA:130,41
DA:131,41
DA:132,41
DA:133,41
DA:134,41
DA:135,41
LF:135
LH:135
BRDA:17,0,0,22
BRDA:34,1,0,41
BRDA:35,2,0,0
BRDA:62,3,0,22
BRDA:62,4,0,0
BRDA:62,5,0,19
BRDA:63,6,0,22
BRDA:63,7,0,19
BRDA:84,8,0,39
BRDA:84,9,0,2
BRDA:82,10,0,22
BRDA:82,11,0,19
BRDA:108,12,0,3
BRDA:108,13,0,19
BRDA:121,14,0,11
BRDA:122,15,0,30
BRDA:126,16,0,11
BRDA:127,17,0,30
BRDA:131,18,0,11
BRDA:131,19,0,30
BRDA:42,20,0,19
BRDA:44,21,0,19
BRDA:45,22,0,6
BRDA:49,23,0,8
BRDA:50,24,0,0
BRDA:51,25,0,6
BRDA:51,26,0,3
BRDA:55,27,0,5
BRDA:57,28,0,0
BRDA:58,29,0,1
BRF:30
BRH:26
end_of_record
TN:
SF:components/ZoneRow.tsx
FN:16,ZoneRow
FNF:1
FNH:1
FNDA:40,ZoneRow
DA:1,1
DA:2,1
DA:3,1
DA:4,1
DA:5,1
DA:6,1
DA:7,1
DA:8,1
DA:9,1
DA:10,1
DA:11,1
DA:12,1
DA:13,1
DA:14,1
DA:15,1
DA:16,1
DA:17,40
DA:18,40
DA:19,40
DA:20,40
DA:21,40
DA:22,40
DA:23,40
DA:24,40
DA:25,40
DA:26,40
DA:27,40
DA:28,40
DA:29,40
DA:30,40
DA:31,40
DA:32,40
DA:33,40
DA:34,40
DA:35,40
DA:36,40
DA:37,40
DA:38,40
DA:39,40
DA:40,40
DA:41,40
DA:42,40
DA:43,40
DA:44,40
DA:45,40
DA:46,40
DA:47,40
LF:47
LH:47
BRDA:16,0,0,40
BRDA:17,1,0,0
BRDA:24,2,0,20
BRDA:24,3,0,20
BRDA:38,4,0,20
BRDA:38,5,0,20
BRF:6
BRH:5
end_of_record
TN:
SF:components/congestion.ts
FN:77,pct
FNF:1
FNH:1
FNDA:101,pct
DA:1,1
DA:2,1
DA:3,1
DA:4,1
DA:5,1
DA:6,1
DA:7,1
DA:8,1
DA:9,1
DA:10,1
DA:11,1
DA:12,1
DA:13,1
DA:14,1
DA:15,1
DA:16,1
DA:17,1
DA:18,1
DA:19,1
DA:20,1
DA:21,1
DA:22,1
DA:23,1
DA:24,1
DA:25,1
DA:26,1
DA:27,1
DA:28,1
DA:29,1
DA:30,1
DA:31,1
DA:32,1
DA:33,1
DA:34,1
DA:35,1
DA:36,1
DA:37,1
DA:38,1
DA:39,1
DA:40,1
DA:41,1
DA:42,1
DA:43,1
DA:44,1
DA:45,1
DA:46,1
DA:47,1
DA:48,1
DA:49,1
DA:50,1
DA:51,1
DA:52,1
DA:53,1
DA:54,1
DA:55,1
DA:56,1
DA:57,1
DA:58,1
DA:59,1
DA:60,1
DA:61,1
DA:62,1
DA:63,1
DA:64,1
DA:65,1
DA:66,1
DA:67,1
DA:68,1
DA:69,1
DA:70,1
DA:71,1
DA:72,1
DA:73,1
DA:74,1
DA:75,1
DA:76,1
DA:77,1
DA:78,101
DA:79,90
DA:80,90
LF:80
LH:80
BRDA:77,0,0,101
BRDA:78,1,0,11
BRDA:78,2,0,90
BRF:3
BRH:3
end_of_record
TN:
SF:components/landing/LandingPage.tsx
FN:8,LandingPage
FN:21,IntersectionObserver.threshold
FNF:2
FNH:2
FNDA:14,LandingPage
FNDA:7,IntersectionObserver.threshold
DA:1,1
DA:2,1
DA:3,1
DA:4,1
DA:5,1
DA:6,1
DA:7,1
DA:8,1
DA:9,14
DA:10,14
DA:11,14
DA:12,14
DA:13,14
DA:14,7
DA:15,14
DA:16,14
DA:17,14
DA:18,7
DA:19,7
DA:20,7
DA:21,7
DA:22,7
DA:23,7
DA:24,7
DA:25,7
DA:26,7
DA:27,7
DA:28,7
DA:29,7
DA:30,7
DA:31,14
DA:32,14
DA:33,14
DA:34,14
DA:35,14
DA:36,14
DA:37,14
DA:38,14
DA:39,14
DA:40,14
DA:41,14
DA:42,14
DA:43,14
DA:44,14
DA:45,14
DA:46,14
DA:47,14
DA:48,14
DA:49,14
DA:50,14
DA:51,14
DA:52,14
DA:53,14
DA:54,14
DA:55,14
DA:56,14
DA:57,14
DA:58,14
DA:59,14
DA:60,14
DA:61,14
DA:62,14
DA:63,14
DA:64,14
DA:65,14
DA:66,14
DA:67,14
DA:68,14
DA:69,14
DA:70,14
DA:71,14
DA:72,14
DA:73,14
DA:74,14
DA:75,14
DA:76,14
DA:77,14
DA:78,14
DA:79,14
DA:80,14
DA:81,14
DA:82,14
DA:83,14
DA:84,14
DA:85,14
DA:86,14
DA:87,14
DA:88,14
DA:89,14
DA:90,14
DA:91,14
DA:92,14
DA:93,14
DA:94,14
DA:95,14
DA:96,14
DA:97,14
DA:98,14
DA:99,14
DA:100,14
DA:101,14
DA:102,14
DA:103,14
DA:104,14
DA:105,14
DA:106,14
DA:107,14
DA:108,14
DA:109,14
DA:110,14
DA:111,14
DA:112,14
DA:113,14
DA:114,14
DA:115,14
DA:116,14
DA:117,14
DA:118,14
DA:119,14
DA:120,14
DA:121,14
DA:122,14
DA:123,14
DA:124,14
DA:125,14
DA:126,14
DA:127,14
DA:128,14
DA:129,14
DA:130,14
DA:131,14
DA:132,14
DA:133,14
DA:134,14
DA:135,14
DA:136,14
DA:137,14
DA:138,14
DA:139,14
DA:140,14
DA:141,14
DA:142,14
DA:143,14
DA:144,14
DA:145,14
DA:146,14
DA:147,14
DA:148,14
DA:149,14
DA:150,14
DA:151,14
DA:152,14
DA:153,14
DA:154,14
DA:155,14
DA:156,14
DA:157,14
DA:158,14
DA:159,14
DA:160,14
DA:161,14
DA:162,14
DA:163,14
DA:164,14
DA:165,14
DA:166,14
DA:167,14
DA:168,14
DA:169,14
DA:170,14
DA:171,14
DA:172,14
DA:173,14
DA:174,14
DA:175,14
DA:176,14
DA:177,14
DA:178,14
DA:179,14
DA:180,14
DA:181,14
DA:182,14
DA:183,14
DA:184,14
DA:185,14
DA:186,14
DA:187,14
DA:188,14
DA:189,14
DA:190,14
DA:191,14
DA:192,14
DA:193,14
DA:194,14
DA:195,14
DA:196,14
DA:197,14
DA:198,14
DA:199,14
DA:200,14
DA:201,14
DA:202,14
DA:203,14
DA:204,14
DA:205,14
DA:206,14
DA:207,14
DA:208,14
DA:209,14
DA:210,14
DA:211,14
DA:212,14
DA:213,14
DA:214,14
DA:215,14
DA:216,14
DA:217,14
DA:218,14
DA:219,14
DA:220,14
DA:221,14
DA:222,14
DA:223,14
DA:224,14
DA:225,14
DA:226,14
DA:227,14
DA:228,14
DA:229,14
DA:230,14
DA:231,14
DA:232,14
DA:233,14
DA:234,14
DA:235,14
DA:236,14
DA:237,14
DA:238,14
DA:239,14
DA:240,14
DA:241,14
DA:242,14
DA:243,14
DA:244,14
DA:245,14
DA:246,14
DA:247,14
DA:248,14
DA:249,14
DA:250,14
DA:251,14
DA:252,14
DA:253,14
DA:254,14
DA:255,14
DA:256,14
DA:257,14
DA:258,14
DA:259,14
DA:260,14
DA:261,14
DA:262,14
DA:263,14
DA:264,14
DA:265,14
DA:266,14
DA:267,14
DA:268,14
DA:269,14
DA:270,14
DA:271,14
DA:272,14
DA:273,14
DA:274,14
DA:275,14
DA:276,14
DA:277,14
DA:278,14
DA:279,14
DA:280,14
DA:281,14
DA:282,14
DA:283,14
DA:284,14
DA:285,14
DA:286,14
DA:287,14
DA:288,14
DA:289,14
DA:290,14
DA:291,14
DA:292,14
DA:293,14
DA:294,14
DA:295,14
DA:296,14
DA:297,14
DA:298,14
DA:299,14
DA:300,14
DA:301,14
DA:302,14
DA:303,14
DA:304,14
DA:305,14
DA:306,14
DA:307,14
DA:308,14
DA:309,14
DA:310,14
DA:311,14
DA:312,14
DA:313,14
DA:314,14
DA:315,14
DA:316,14
DA:317,14
DA:318,14
DA:319,14
DA:320,14
DA:321,14
DA:322,14
DA:323,14
DA:324,14
DA:325,14
DA:326,14
DA:327,14
LF:327
LH:327
BRDA:8,0,0,14
BRDA:33,1,0,7
BRDA:33,2,0,7
BRDA:34,3,0,7
BRDA:34,4,0,7
BRDA:13,5,0,7
BRDA:17,6,0,7
BRDA:19,7,0,0
BRDA:21,8,0,7
BRDA:30,9,0,7
BRF:10
BRH:9
end_of_record
TN:
SF:lib/api.ts
FN:6,fetchWithTimeout
FN:16,fetchZones
FN:23,fetchInterventions
FN:30,applyIntervention
FN:56,streamZonesWS
FN:64,connect
FN:66,ws.onopen
FN:76,ws.onmessage
FN:92,ws.onerror
FN:93,ws.onclose
FN:115,streamZones
FN:117,on
FN:129,es.onerror
FNF:13
FNH:13
FNDA:8,fetchWithTimeout
FNDA:2,fetchZones
FNDA:2,fetchInterventions
FNDA:2,applyIntervention
FNDA:10,streamZonesWS
FNDA:27,connect
FNDA:5,ws.onopen
FNDA:4,ws.onmessage
FNDA:1,ws.onerror
FNDA:28,ws.onclose
FNDA:1,streamZones
FNDA:3,on
FNDA:1,es.onerror
DA:1,1
DA:2,1
DA:3,1
DA:4,1
DA:5,1
DA:6,1
DA:7,8
DA:8,8
DA:9,8
DA:10,8
DA:11,8
DA:12,8
DA:13,8
DA:14,8
DA:15,1
DA:16,1
DA:17,2
DA:18,2
DA:19,1
DA:20,1
DA:21,1
DA:22,1
DA:23,1
DA:24,2
DA:25,2
DA:26,1
DA:27,1
DA:28,1
DA:29,1
DA:30,1
DA:31,2
DA:32,2
DA:33,2
DA:34,2
DA:35,2
DA:36,2
DA:37,2
DA:38,2
DA:39,2
DA:40,2
DA:41,1
DA:42,1
DA:43,1
DA:44,1
DA:45,1
DA:46,1
DA:47,1
DA:48,1
DA:49,1
DA:50,1
DA:51,1
DA:52,1
DA:53,1
DA:54,1
DA:55,1
DA:56,1
DA:57,10
DA:58,10
DA:59,10
DA:60,10
DA:61,10
DA:62,10
DA:63,10
DA:64,10
DA:65,27
DA:66,27
DA:67,5
DA:68,5
DA:69,5
DA:70,2
DA:71,2
DA:72,2
DA:73,2
DA:74,5
DA:75,5
DA:76,27
DA:77,4
DA:78,4
DA:79,4
DA:80,1
DA:81,1
DA:82,1
DA:83,4
DA:84,1
DA:85,1
DA:86,1
DA:87,1
DA:88,4
DA:89,1
DA:90,1
DA:91,4
DA:92,27
DA:93,27
DA:94,28
DA:95,28
DA:96,28
DA:97,18
DA:98,18
DA:99,18
DA:100,18
DA:101,28
DA:102,27
DA:103,10
DA:104,10
DA:105,10
DA:106,10
DA:107,10
DA:108,10
DA:109,10
DA:110,10
DA:111,10
DA:112,10
DA:113,1
DA:114,1
DA:115,1
DA:116,1
DA:117,1
DA:118,3
DA:119,4
DA:120,4
DA:121,4
DA:122,1
DA:123,1
DA:124,4
DA:125,3
DA:126,1
DA:127,1
DA:128,1
DA:129,1
DA:130,1
DA:131,1
LF:131
LH:131
BRDA:6,0,0,8
BRDA:8,1,0,1
BRDA:16,2,0,2
BRDA:18,3,0,1
BRDA:23,4,0,2
BRDA:25,5,0,1
BRDA:30,6,0,2
BRDA:40,7,0,1
BRDA:56,8,0,10
BRDA:64,9,0,27
BRDA:66,10,0,5
BRDA:68,11,0,2
BRDA:69,12,0,2
BRDA:72,13,0,1
BRDA:76,14,0,4
BRDA:79,15,0,1
BRDA:82,16,0,2
BRDA:83,17,0,1
BRDA:88,18,0,1
BRDA:92,19,0,1
BRDA:93,20,0,28
BRDA:94,21,0,7
BRDA:95,22,0,3
BRDA:96,23,0,18
BRDA:105,24,0,10
BRDA:107,25,0,4
BRDA:108,26,0,5
BRDA:109,27,0,2
BRDA:115,28,0,1
BRDA:117,29,0,3
BRDA:118,30,0,4
BRDA:121,31,0,1
BRDA:126,32,0,1
BRDA:127,33,0,1
BRDA:128,34,0,1
BRDA:129,35,0,1
BRDA:130,36,0,1
BRF:37
BRH:37
end_of_record
TN:
SF:lib/types.ts
FN:1,(empty-report)
FNF:1
FNH:0
FNDA:0,(empty-report)
DA:1,0
DA:2,0
DA:3,0
DA:4,0
DA:5,0
DA:6,0
DA:7,0
DA:8,0
DA:9,0
DA:10,0
DA:11,0
DA:12,0
DA:13,0
DA:14,0
DA:15,0
DA:16,0
DA:17,0
DA:18,0
DA:19,0
DA:20,0
DA:21,0
DA:22,0
DA:23,0
DA:24,0
DA:25,0
DA:26,0
DA:27,0
DA:28,0
DA:29,0
DA:30,0
DA:31,0
DA:32,0
DA:33,0
DA:34,0
LF:34
LH:0
BRDA:1,0,0,0
BRF:1
BRH:0
end_of_record
